finish loading from csv 
{'n_train': 100000, 'max_depth': 5}
training xgboost - cpu tree construction
XGBoost CPU: 8.681828022 seconds
training LightGBM
LightGBM: 5.54988479614 seconds

auc train
     XGB_CPU      LGBM
0   0.730135  0.729455
15  0.778064  0.775219
30  0.797068  0.795319
45  0.806196  0.804227
60  0.812271  0.810776
75  0.816914  0.815606
90  0.820985  0.819379

auc valid
     XGB_CPU      LGBM
0   0.726058  0.726259
15  0.771455  0.769464
30  0.787877  0.786892
45  0.794617  0.793616
60  0.798678  0.798178
75  0.801215  0.801130
90  0.803283  0.802791

Leaf counts
    XGB_CPU  LGBM
0        32    32
15       32    32
30       32    31
45       32    31
60       32    32
75       25    30
90       32    32

Feature importance sorted by XGB_CPU
      XGB_CPU      LGBM
f25  0.166157  0.309798
f26  0.105053  0.094122
f27  0.095196  0.148527
f22  0.078254  0.086353
f5   0.075505  0.084013
{'n_train': 100000, 'max_depth': 10}
training xgboost - cpu tree construction
XGBoost CPU: 14.1966838837 seconds
training LightGBM
LightGBM: 7.36816287041 seconds

auc train
     XGB_CPU      LGBM
0   0.809419  0.807287
15  0.879645  0.876835
30  0.911150  0.909751
45  0.927270  0.926243
60  0.938150  0.938810
75  0.946321  0.949296
90  0.953724  0.957668

auc valid
     XGB_CPU      LGBM
0   0.754063  0.753384
15  0.795971  0.795325
30  0.804290  0.804364
45  0.807725  0.807741
60  0.809142  0.809229
75  0.809922  0.810068
90  0.810276  0.810291

Leaf counts
    XGB_CPU  LGBM
0       803   805
15      721   743
30      615   692
45      447   284
60      179   560
75       85   169
90      254   219

Feature importance sorted by XGB_CPU
      XGB_CPU      LGBM
f25  0.133025  0.169227
f27  0.076664  0.090735
f26  0.068586  0.069857
f5   0.053475  0.063836
f22  0.052555  0.062463
{'n_train': 100000, 'max_depth': 15}
training xgboost - cpu tree construction
XGBoost CPU: 20.8683879375 seconds
training LightGBM
LightGBM: 32.4288389683 seconds

auc train
     XGB_CPU      LGBM
0   0.906858  0.905015
15  0.987157  0.987009
30  0.997727  0.997690
45  0.999614  0.999747
60  0.999908  0.999961
75  0.999983  0.999996
90  0.999997  1.000000

auc valid
     XGB_CPU      LGBM
0   0.725131  0.725674
15  0.790118  0.789849
30  0.798732  0.798461
45  0.802588  0.802415
60  0.804579  0.804605
75  0.805919  0.805905
90  0.806743  0.806709

Leaf counts
    XGB_CPU  LGBM
0      4574  4630
15     3977  4086
30     2760  2531
45     2416  2682
60      546  1612
75     1623  1741
90     1953  2023

Feature importance sorted by XGB_CPU
      XGB_CPU      LGBM
f25  0.097946  0.118871
f27  0.066218  0.068276
f26  0.056463  0.056073
f24  0.047720  0.056051
f5   0.047048  0.054723
{'n_train': 1000000, 'max_depth': 5}
training xgboost - cpu tree construction
XGBoost CPU: 68.465364933 seconds
training LightGBM
LightGBM: 17.3295099735 seconds

auc train
     XGB_CPU      LGBM
0   0.726861  0.726847
15  0.772898  0.772263
30  0.790160  0.789845
45  0.797310  0.796997
60  0.802156  0.801503
75  0.805590  0.804731
90  0.807963  0.807315

auc valid
     XGB_CPU      LGBM
0   0.726452  0.726655
15  0.772038  0.771735
30  0.788872  0.788955
45  0.795628  0.795810
60  0.800190  0.800098
75  0.803388  0.803034
90  0.805524  0.805333

Leaf counts
    XGB_CPU  LGBM
0        32    32
15       32    32
30       32    32
45       32    32
60       32    32
75       32    32
90       32    32

Feature importance sorted by XGB_CPU
      XGB_CPU      LGBM
f25  0.178761  0.326253
f26  0.107816  0.095043
f27  0.099287  0.150045
f22  0.091885  0.090219
f24  0.072127  0.081962
{'n_train': 1000000, 'max_depth': 10}
training xgboost - cpu tree construction
XGBoost CPU: 143.763537884 seconds
training LightGBM
LightGBM: 29.1529669762 seconds

auc train
     XGB_CPU      LGBM
0   0.783148  0.782588
15  0.819507  0.818240
30  0.836233  0.834688
45  0.845996  0.844082
60  0.853322  0.852203
75  0.859712  0.858154
90  0.865437  0.864041

auc valid
     XGB_CPU      LGBM
0   0.774024  0.774277
15  0.804455  0.804445
30  0.815073  0.814984
45  0.820007  0.819821
60  0.823089  0.823297
75  0.825346  0.825456
90  0.827028  0.827129

Leaf counts
    XGB_CPU  LGBM
0       943   953
15      962   960
30      908   955
45      527   571
60      673   649
75      649   772
90      897   770

Feature importance sorted by XGB_CPU
      XGB_CPU      LGBM
f25  0.186086  0.243088
f27  0.098367  0.122145
f26  0.081215  0.085354
f22  0.064006  0.072238
f24  0.061801  0.082015
{'n_train': 1000000, 'max_depth': 15}
training xgboost - cpu tree construction
XGBoost CPU: 218.407418966 seconds
training LightGBM
LightGBM: 111.358152866 seconds

auc train
     XGB_CPU      LGBM
0   0.845155  0.843834
15  0.919379  0.917502
30  0.948340  0.946588
45  0.962003  0.962069
60  0.969987  0.970165
75  0.976568  0.975957
90  0.980991  0.980022

auc valid
     XGB_CPU      LGBM
0   0.770112  0.770575
15  0.813518  0.812992
30  0.820663  0.820312
45  0.824531  0.824413
60  0.826680  0.826552
75  0.827911  0.827906
90  0.828632  0.828742

Leaf counts
    XGB_CPU   LGBM
0     13296  13697
15    11802  12452
30    10163   9864
45     3987   5550
60     3414   8300
75     4551   4820
90     4976   4251

Feature importance sorted by XGB_CPU
      XGB_CPU      LGBM
f25  0.123494  0.149555
f27  0.076926  0.083322
f26  0.061363  0.063261
f24  0.051987  0.064851
f5   0.050708  0.061716
{'n_train': 10000000, 'max_depth': 5}
training xgboost - cpu tree construction
XGBoost CPU: 1207.00433302 seconds
training LightGBM
LightGBM: 188.949714899 seconds

auc train
     XGB_CPU      LGBM
0   0.727343  0.727486
15  0.772269  0.773184
30  0.789336  0.789316
45  0.795941  0.796086
60  0.800192  0.800288
75  0.803072  0.803267
90  0.805360  0.805632

auc valid
     XGB_CPU      LGBM
0   0.727213  0.727426
15  0.772198  0.773296
30  0.789071  0.789290
45  0.795604  0.796012
60  0.799861  0.800229
75  0.802777  0.803191
90  0.805053  0.805557

Leaf counts
    XGB_CPU  LGBM
0        32    32
15       32    32
30       32    32
45       32    32
60       32    32
75       32    32
90       32    32

Feature importance sorted by XGB_CPU
      XGB_CPU      LGBM
f25  0.185254  0.327421
f26  0.108659  0.094475
f27  0.105075  0.149857
f22  0.093802  0.091784
f24  0.078196  0.080077
{'n_train': 10000000, 'max_depth': 10}
training xgboost - cpu tree construction
XGBoost CPU: 2658.829 seconds
training LightGBM
LightGBM: 295.622549057 seconds

auc train
     XGB_CPU      LGBM
0   0.778902  0.778743
15  0.807707  0.807371
30  0.819483  0.819173
45  0.825857  0.825427
60  0.830092  0.829825
75  0.833597  0.833277
90  0.836451  0.836188

auc valid
     XGB_CPU      LGBM
0   0.777139  0.777439
15  0.805441  0.805497
30  0.816484  0.816594
45  0.822136  0.822125
60  0.825662  0.825880
75  0.828477  0.828638
90  0.830751  0.830844

Leaf counts
    XGB_CPU  LGBM
0      1016  1013
15     1016  1019
30     1016  1000
45      924   960
60      757   850
75      921  1010
90      958  1019

Feature importance sorted by XGB_CPU
      XGB_CPU      LGBM
f25  0.204900  0.279092
f27  0.113724  0.136573
f26  0.088147  0.090902
f22  0.078771  0.077381
f24  0.069741  0.083856
{'n_train': 10000000, 'max_depth': 15}
training xgboost - cpu tree construction
XGBoost CPU: 4274.45792699 seconds
training LightGBM
LightGBM: 582.356770992 seconds

auc train
     XGB_CPU      LGBM
0   0.812539  0.811543
15  0.851127  0.849815
30  0.869419  0.867571
45  0.882234  0.880170
60  0.890497  0.888516
75  0.897627  0.897169
90  0.903628  0.904165

auc valid
     XGB_CPU      LGBM
0   0.795514  0.795810
15  0.824292  0.824201
30  0.832742  0.832652
45  0.838003  0.837840
60  0.841225  0.841133
75  0.843597  0.843585
90  0.845225  0.845409

Leaf counts
    XGB_CPU   LGBM
0     23272  23404
15    22472  23076
30    19449  18046
45    20080  20636
60    14435  11445
75    11867   8543
90     5729   8392

Feature importance sorted by XGB_CPU
      XGB_CPU      LGBM
f25  0.162868  0.201242
f27  0.093131  0.106259
f26  0.070021  0.078035
f22  0.057084  0.066245
f24  0.057030  0.074146


Time(sec)
                    XGB_CPU   LGBM
n_train  max_depth                
100000   5              8.7    5.5
         10            14.2    7.4
         15            20.9   32.4
1000000  5             68.5   17.3
         10           143.8   29.2
         15           218.4  111.4
10000000 5           1207.0  188.9
         10          2658.8  295.6
         15          4274.5  582.4

Ratio
                    XGB_CPU  LGBM
n_train  max_depth               
100000   5             1.56     1
         10            1.93     1
         15            0.64     1
1000000  5             3.95     1
         10            4.93     1
         15            1.96     1
10000000 5             6.39     1
         10            8.99     1
         15            7.34     1

Done: 10107.3541229 seconds
