

{'max_depth': 5, 'n_train': 500000}
training XGBoost
CPU: 32.529624700546265 seconds
EQBIN_dw: 6.5557897090911865 seconds
EQBIN_lg: 6.486962556838989 seconds
GPU: 14.319145441055298 seconds
training LightGBM
LightGBM: 2.66607403755188 seconds

binary_logloss train
         CPU  EQBIN_dw  EQBIN_lg       GPU       LGB
0   0.675191  0.675223  0.675223  0.675190  0.675160
15  0.536597  0.538657  0.538657  0.535447  0.535966
30  0.493034  0.489796  0.489796  0.486863  0.489301
45  0.462322  0.461254  0.461254  0.459293  0.461446
60  0.442771  0.443328  0.443328  0.437910  0.440177
75  0.425477  0.422786  0.422786  0.424098  0.424996
90  0.413267  0.407351  0.407351  0.411846  0.411804

binary_logloss valid
         CPU  EQBIN_dw  EQBIN_lg       GPU       LGB
0   0.675299  0.675327  0.675327  0.675297  0.675234
15  0.538473  0.540042  0.540042  0.537301  0.537428
30  0.495559  0.491851  0.491851  0.489146  0.491172
45  0.465404  0.463598  0.463598  0.462304  0.463914
60  0.446256  0.446067  0.446067  0.441530  0.443236
75  0.429533  0.426136  0.426136  0.428245  0.428417
90  0.417798  0.411187  0.411187  0.416406  0.415643

Leaf counts
    CPU  EQBIN_dw  EQBIN_lg  GPU  LGB
0    32        32        32   32   32
15   32        32        32   32   32
30   32        32        32   32   32
45   32        32        32   31   32
60   31        30        30   32   32
75   32        30        30   31   30
90   32        30        30   30   30

Feature importance(gain) sorted by CPU
          CPU  EQBIN_dw  EQBIN_lg       GPU       LGB
f21  0.127435  0.132040  0.132040  0.128303  0.155942
f5   0.081883  0.077436  0.077436  0.082170  0.052154
f17  0.076128  0.068636  0.068636  0.066650  0.054384
f1   0.071211  0.074794  0.074794  0.071274  0.052820
f10  0.063945  0.061258  0.061258  0.061784  0.094785


{'max_depth': 10, 'n_train': 500000}
training XGBoost
CPU: 66.83559727668762 seconds
EQBIN_dw: 26.291974544525146 seconds
EQBIN_lg: 26.09964632987976 seconds
GPU: 26.635499000549316 seconds
training LightGBM
LightGBM: 7.259641408920288 seconds

binary_logloss train
         CPU  EQBIN_dw  EQBIN_lg       GPU       LGB
0   0.651613  0.651639  0.651639  0.651623  0.652016
15  0.390985  0.390788  0.390788  0.389886  0.398279
30  0.324399  0.324340  0.324340  0.324032  0.326010
45  0.289630  0.296892  0.296892  0.291126  0.293489
60  0.271698  0.274448  0.274448  0.270960  0.276265
75  0.257845  0.257760  0.257760  0.257121  0.260717
90  0.246034  0.244864  0.244864  0.246174  0.245533

binary_logloss valid
         CPU  EQBIN_dw  EQBIN_lg       GPU       LGB
0   0.652679  0.652533  0.652533  0.652668  0.652829
15  0.402273  0.401175  0.401175  0.400931  0.408258
30  0.341669  0.340391  0.340391  0.340796  0.341656
45  0.311990  0.316944  0.316944  0.312809  0.313490
60  0.297392  0.298326  0.298326  0.296331  0.299379
75  0.287060  0.285349  0.285349  0.285789  0.287784
90  0.278940  0.276250  0.276250  0.277813  0.277091

Leaf counts
    CPU  EQBIN_dw  EQBIN_lg  GPU  LGB
0   836       852       852  824  861
15  759       745       745  751  761
30  516       521       521  655  613
45  791       413       413  465  345
60  570       723       723  633  213
75  535       172       172  482  655
90  372       342       342  219  447

Feature importance(gain) sorted by CPU
          CPU  EQBIN_dw  EQBIN_lg       GPU       LGB
f21  0.129604  0.129117  0.129117  0.132804  0.123736
f9   0.069124  0.069491  0.069491  0.070271  0.073760
f7   0.065873  0.063594  0.063594  0.064530  0.083574
f31  0.063052  0.062961  0.062961  0.064352  0.072703
f17  0.059523  0.058179  0.058179  0.060003  0.048860


{'max_depth': 15, 'n_train': 500000}
training XGBoost
CPU: 102.82987523078918 seconds
EQBIN_dw: 95.64001822471619 seconds
EQBIN_lg: 93.65205717086792 seconds
GPU: 41.25279712677002 seconds
training LightGBM
LightGBM: 41.06006956100464 seconds

binary_logloss train
         CPU  EQBIN_dw  EQBIN_lg       GPU       LGB
0   0.633625  0.633882  0.633882  0.633891  0.634502
15  0.279298  0.281393  0.281393  0.280319  0.282914
30  0.187293  0.188958  0.188958  0.188500  0.189932
45  0.157437  0.161164  0.161164  0.159911  0.161713
60  0.147866  0.146568  0.146568  0.147798  0.143786
75  0.136176  0.134437  0.134437  0.139835  0.130189
90  0.124755  0.117677  0.117677  0.130844  0.115998

binary_logloss valid
         CPU  EQBIN_dw  EQBIN_lg       GPU       LGB
0   0.639471  0.639428  0.639428  0.639485  0.639410
15  0.332404  0.331964  0.331964  0.332894  0.331815
30  0.265577  0.264912  0.264912  0.265999  0.264239
45  0.247366  0.247136  0.247136  0.247731  0.246265
60  0.242682  0.239228  0.239228  0.241350  0.237504
75  0.238192  0.235107  0.235107  0.238719  0.232997
90  0.234744  0.231170  0.231170  0.235933  0.228923

Leaf counts
     CPU  EQBIN_dw  EQBIN_lg   GPU   LGB
0   6323      6423      6423  5828  6267
15  6109      5409      5409  5542  5519
30  3429      3025      3025  2760  3188
45  1950      1478      1478  1424  1556
60   882      1396      1396  2137   664
75  4254      1126      1126   716  3148
90   575      2916      2916  1963   941

Feature importance(gain) sorted by CPU
          CPU  EQBIN_dw  EQBIN_lg       GPU       LGB
f21  0.107480  0.106565  0.106565  0.106854  0.107762
f31  0.065742  0.063228  0.063228  0.065129  0.073706
f9   0.062665  0.064596  0.064596  0.062636  0.062239
f7   0.057683  0.057057  0.057057  0.057102  0.072561
f30  0.056068  0.057364  0.057364  0.056160  0.046824


{'max_depth': 5, 'n_train': 1000000}
training XGBoost
CPU: 79.09212708473206 seconds
EQBIN_dw: 11.754943132400513 seconds
EQBIN_lg: 11.938208818435669 seconds
GPU: 32.13357377052307 seconds
training LightGBM
LightGBM: 5.68410587310791 seconds

binary_logloss train
         CPU  EQBIN_dw  EQBIN_lg       GPU       LGB
0   0.670660  0.670712  0.670712  0.670658  0.670705
15  0.517748  0.519764  0.519764  0.517930  0.518376
30  0.462437  0.465616  0.465616  0.463004  0.463697
45  0.434855  0.437321  0.437321  0.435786  0.437981
60  0.415429  0.416064  0.416064  0.412405  0.415917
75  0.399301  0.401604  0.401604  0.398981  0.400009
90  0.387958  0.387141  0.387141  0.389781  0.388828

binary_logloss valid
         CPU  EQBIN_dw  EQBIN_lg       GPU       LGB
0   0.670760  0.670815  0.670815  0.670759  0.670768
15  0.518433  0.520467  0.520467  0.518580  0.518830
30  0.463768  0.466785  0.466785  0.464320  0.464736
45  0.436756  0.439002  0.439002  0.437576  0.439353
60  0.417817  0.418094  0.418094  0.414673  0.417748
75  0.402107  0.403941  0.403941  0.401599  0.402137
90  0.391019  0.389714  0.389714  0.392670  0.391165

Leaf counts
    CPU  EQBIN_dw  EQBIN_lg  GPU  LGB
0    32        32        32   32   32
15   32        32        32   32   32
30   32        32        32   32   32
45   32        32        32   32   32
60   32        32        32   32   32
75   32        32        32   32   32
90   32        29        29   31   32

Feature importance(gain) sorted by CPU
          CPU  EQBIN_dw  EQBIN_lg       GPU       LGB
f23  0.152380  0.145318  0.145318  0.155980  0.141575
f15  0.115084  0.116695  0.116695  0.109124  0.128330
f27  0.094646  0.095922  0.095922  0.098956  0.075540
f26  0.079643  0.080331  0.080331  0.082559  0.089207
f12  0.075936  0.073030  0.073030  0.074634  0.064558


{'max_depth': 10, 'n_train': 1000000}
training XGBoost
CPU: 161.91446590423584 seconds
EQBIN_dw: 39.44031834602356 seconds
EQBIN_lg: 40.6608943939209 seconds
GPU: 61.064276933670044 seconds
training LightGBM
LightGBM: 14.996711730957031 seconds

binary_logloss train
         CPU  EQBIN_dw  EQBIN_lg       GPU       LGB
0   0.651102  0.651142  0.651142  0.651142  0.651262
15  0.381912  0.383524  0.383524  0.382580  0.382883
30  0.305014  0.308016  0.308016  0.306319  0.306793
45  0.272425  0.274393  0.274393  0.271926  0.270757
60  0.254291  0.258309  0.258309  0.254455  0.256461
75  0.242400  0.246340  0.246340  0.242056  0.244974
90  0.232372  0.234777  0.234777  0.231125  0.231011

binary_logloss valid
         CPU  EQBIN_dw  EQBIN_lg       GPU       LGB
0   0.651926  0.651907  0.651907  0.651982  0.652014
15  0.390088  0.391024  0.391024  0.390810  0.390332
30  0.318358  0.320003  0.320003  0.319721  0.318776
45  0.289157  0.289681  0.289681  0.288811  0.286168
60  0.273720  0.275817  0.275817  0.273872  0.273881
75  0.264055  0.265776  0.265776  0.263859  0.264431
90  0.256038  0.256561  0.256561  0.255180  0.253221

Leaf counts
    CPU  EQBIN_dw  EQBIN_lg  GPU  LGB
0   915       921       921  914  920
15  932       887       887  908  893
30  876       853       853  712  873
45  713       605       605  450  522
60  710       606       606  626  411
75  659       807       807  744  749
90  632       524       524  435  405

Feature importance(gain) sorted by CPU
          CPU  EQBIN_dw  EQBIN_lg       GPU       LGB
f23  0.123423  0.118859  0.118859  0.121641  0.109663
f15  0.107457  0.109684  0.109684  0.109103  0.096241
f27  0.088888  0.091682  0.091682  0.092210  0.058649
f26  0.079056  0.079292  0.079292  0.076253  0.071698
f12  0.063740  0.062056  0.062056  0.062304  0.053927


{'max_depth': 15, 'n_train': 1000000}
training XGBoost
CPU: 259.556031703949 seconds
EQBIN_dw: 156.518794298172 seconds
EQBIN_lg: 156.64391493797302 seconds
GPU: 90.89532256126404 seconds
training LightGBM
LightGBM: 72.44451451301575 seconds

binary_logloss train
         CPU  EQBIN_dw  EQBIN_lg       GPU       LGB
0   0.634273  0.634418  0.634418  0.634490  0.634723
15  0.275242  0.277973  0.277973  0.275103  0.276910
30  0.185253  0.187036  0.187036  0.184606  0.186902
45  0.147993  0.151796  0.151796  0.151080  0.150769
60  0.132270  0.135743  0.135743  0.135214  0.132645
75  0.124072  0.126092  0.126092  0.129139  0.123859
90  0.119755  0.114368  0.114368  0.122278  0.112123

binary_logloss valid
         CPU  EQBIN_dw  EQBIN_lg       GPU       LGB
0   0.638483  0.638379  0.638379  0.638537  0.638429
15  0.316774  0.317402  0.317402  0.316485  0.316515
30  0.247661  0.247397  0.247397  0.246871  0.247018
45  0.224404  0.225187  0.225187  0.225710  0.223940
60  0.215630  0.216443  0.216443  0.217051  0.214297
75  0.212305  0.213225  0.213225  0.214620  0.211607
90  0.211289  0.209711  0.209711  0.212205  0.208961

Leaf counts
     CPU  EQBIN_dw  EQBIN_lg   GPU   LGB
0   8747      9049      9049  8095  8628
15  8399      7866      7866  8072  7954
30  5534      6273      6273  5864  6622
45  5815      3104      3104  3391  6351
60  3900      1795      1795  1025  2539
75   559      3364      3364   841  3676
90  1938      2919      2919  1373  1176

Feature importance(gain) sorted by CPU
          CPU  EQBIN_dw  EQBIN_lg       GPU       LGB
f23  0.107391  0.105758  0.105758  0.108659  0.096959
f15  0.092491  0.094531  0.094531  0.093982  0.087585
f27  0.074214  0.075284  0.075284  0.073623  0.052833
f26  0.065948  0.064339  0.064339  0.065648  0.060935
f31  0.057171  0.055773  0.055773  0.056613  0.076580


{'max_depth': 5, 'n_train': 2000000}
training XGBoost
CPU: 214.35928988456726 seconds
EQBIN_dw: 21.45833730697632 seconds
EQBIN_lg: 21.97266674041748 seconds
GPU: 71.43539118766785 seconds
training LightGBM
LightGBM: 11.29334282875061 seconds

binary_logloss train
         CPU  EQBIN_dw  EQBIN_lg       GPU       LGB
0   0.668203  0.668197  0.668197  0.668201  0.668188
15  0.504056  0.502499  0.502499  0.504065  0.503965
30  0.455658  0.458417  0.458417  0.456751  0.458402
45  0.430887  0.428591  0.428591  0.432047  0.434806
60  0.411730  0.412420  0.412420  0.414661  0.415474
75  0.400520  0.397671  0.397671  0.399593  0.401653
90  0.386594  0.387534  0.387534  0.387715  0.387192

binary_logloss valid
         CPU  EQBIN_dw  EQBIN_lg       GPU       LGB
0   0.668277  0.668257  0.668257  0.668275  0.668256
15  0.505170  0.503355  0.503355  0.505169  0.504954
30  0.457301  0.459662  0.459662  0.458351  0.459852
45  0.432862  0.430273  0.430273  0.433978  0.436487
60  0.413981  0.414352  0.414352  0.416856  0.417379
75  0.403053  0.399917  0.399917  0.402068  0.403774
90  0.389264  0.389928  0.389928  0.390395  0.389481

Leaf counts
    CPU  EQBIN_dw  EQBIN_lg  GPU  LGB
0    32        32        32   32   32
15   32        32        32   32   32
30   32        32        32   32   32
45   32        32        32   32   32
60   31        32        32   29   32
75   32        31        31   32   32
90   32        27        27   32   31

Feature importance(gain) sorted by CPU
          CPU  EQBIN_dw  EQBIN_lg       GPU       LGB
f3   0.134757  0.132506  0.132506  0.126541  0.123768
f29  0.094595  0.096810  0.096810  0.090711  0.102832
f16  0.087491  0.089042  0.089042  0.085207  0.085066
f2   0.071072  0.063125  0.063125  0.073111  0.059274
f12  0.070810  0.069586  0.069586  0.066648  0.059194


{'max_depth': 10, 'n_train': 2000000}
training XGBoost
CPU: 456.071382522583 seconds
EQBIN_dw: 60.852312326431274 seconds
EQBIN_lg: 58.49413347244263 seconds
GPU: 140.1381494998932 seconds
training LightGBM
LightGBM: 31.074826955795288 seconds

binary_logloss train
         CPU  EQBIN_dw  EQBIN_lg       GPU       LGB
0   0.648014  0.648192  0.648192  0.648010  0.648349
15  0.364606  0.364879  0.364879  0.365058  0.365444
30  0.289583  0.291926  0.291926  0.290872  0.290530
45  0.265371  0.270327  0.270327  0.265576  0.264973
60  0.252322  0.251356  0.251356  0.248960  0.250603
75  0.239627  0.239048  0.239048  0.238248  0.236150
90  0.226735  0.223576  0.223576  0.220102  0.221929

binary_logloss valid
         CPU  EQBIN_dw  EQBIN_lg       GPU       LGB
0   0.648568  0.648686  0.648686  0.648564  0.648817
15  0.370764  0.370408  0.370408  0.371205  0.370903
30  0.298902  0.300284  0.300284  0.300013  0.298680
45  0.276443  0.280182  0.280182  0.276387  0.274822
60  0.264604  0.262590  0.262590  0.261425  0.261667
75  0.253241  0.251719  0.251719  0.251919  0.248570
90  0.241818  0.237951  0.237951  0.235708  0.235994

Leaf counts
    CPU  EQBIN_dw  EQBIN_lg  GPU  LGB
0   986       985       985  974  989
15  992       985       985  988  980
30  914       858       858  847  850
45  463       545       545  887  583
60  399       428       428  519  431
75  378       841       841  841  714
90  654       819       819  804  442

Feature importance(gain) sorted by CPU
          CPU  EQBIN_dw  EQBIN_lg       GPU       LGB
f3   0.141096  0.148919  0.148919  0.140806  0.102556
f16  0.100373  0.096085  0.096085  0.095854  0.079591
f29  0.098461  0.099831  0.099831  0.099198  0.091464
f24  0.068807  0.069015  0.069015  0.068904  0.125335
f31  0.062835  0.060524  0.060524  0.060424  0.036393


{'max_depth': 15, 'n_train': 2000000}
training XGBoost
CPU: 742.0101640224457 seconds
EQBIN_dw: 237.75821208953857 seconds
EQBIN_lg: 236.2617015838623 seconds
GPU: 206.0952377319336 seconds
training LightGBM
LightGBM: 122.35676741600037 seconds

binary_logloss train
         CPU  EQBIN_dw  EQBIN_lg       GPU       LGB
0   0.630768  0.630933  0.630933  0.630895  0.631539
15  0.261406  0.262745  0.262745  0.261840  0.264277
30  0.177540  0.178629  0.178629  0.175796  0.179606
45  0.151335  0.149653  0.149653  0.149751  0.153567
60  0.139740  0.137552  0.137552  0.133271  0.133465
75  0.129299  0.123648  0.123648  0.127589  0.121246
90  0.122277  0.116654  0.116654  0.119911  0.112824

binary_logloss valid
         CPU  EQBIN_dw  EQBIN_lg       GPU       LGB
0   0.633824  0.633762  0.633762  0.633863  0.634255
15  0.291654  0.291556  0.291556  0.291889  0.292087
30  0.221436  0.220845  0.220845  0.220195  0.220964
45  0.202997  0.200232  0.200232  0.202074  0.202611
60  0.195090  0.192587  0.192587  0.191511  0.190324
75  0.189405  0.185850  0.185850  0.188371  0.184073
90  0.186554  0.183244  0.183244  0.184490  0.181102

Leaf counts
      CPU  EQBIN_dw  EQBIN_lg    GPU    LGB
0   12306     12370     12370  11401  12027
15  12144     11097     11097   9922  12067
30   7569      6847      6847   7446   8646
45   5922      5307      5307   6339   3245
60   1542      2695      2695   6436   9083
75   6643      3224      3224    778   2382
90   2961       981       981   1539   5098

Feature importance(gain) sorted by CPU
          CPU  EQBIN_dw  EQBIN_lg       GPU       LGB
f3   0.116539  0.119025  0.119025  0.118934  0.094172
f29  0.086052  0.085851  0.085851  0.086027  0.082829
f16  0.085999  0.084129  0.084129  0.084999  0.074120
f24  0.072985  0.072988  0.072988  0.073392  0.117440
f8   0.060759  0.060173  0.060173  0.061463  0.087724


                  Time(sec)                                   Ratio  \
                        CPU EQBIN_dw EQBIN_lg    GPU    LGB CPU/LGB   
n_train max_depth                                                     
500000  5              32.5      6.6      6.5   14.3    2.7    12.2   
        10             66.8     26.3     26.1   26.6    7.3     9.2   
        15            102.8     95.6     93.7   41.3   41.1     2.5   
1000000 5              79.1     11.8     11.9   32.1    5.7    13.9   
        10            161.9     39.4     40.7   61.1   15.0    10.8   
        15            259.6    156.5    156.6   90.9   72.4     3.6   
2000000 5             214.4     21.5     22.0   71.4   11.3    19.0   
        10            456.1     60.9     58.5  140.1   31.1    14.7   
        15            742.0    237.8    236.3  206.1  122.4     6.1   

                                                     
                  EQBIN_dw/LGB EQBIN_lg/LGB GPU/LGB  
n_train max_depth                                    
500000  5                  2.5          2.4     5.4  
        10                 3.6          3.6     3.7  
        15                 2.3          2.3     1.0  
1000000 5                  2.1          2.1     5.7  
        10                 2.6          2.7     4.1  
        15                 2.2          2.2     1.3  
2000000 5                  1.9          1.9     6.3  
        10                 2.0          1.9     4.5  
        15                 1.9          1.9     1.7  

Done: 4515.719358205795 seconds
