
{'n_features': 30, 'max_depth': 5}
training xgboost - cpu tree construction
XGBoost CPU: 176.745678902 seconds
training xgboost - gpu tree construction
required: 1130072128
trying to allocate: 1130043136
XGBoost GPU: 29.7840740681 seconds
training LightGBM
LightGBM: 3.31117916107 seconds

logloss train
     XGB_CPU   XGB_GPU      LGBM
0   0.681016  0.681015  0.681041
15  0.591111  0.591041  0.591346
30  0.548623  0.547606  0.548238
45  0.520407  0.520773  0.519921

logloss valid
     XGB_CPU   XGB_GPU      LGBM
0   0.681017  0.681016  0.681024
15  0.591752  0.591624  0.591822
30  0.550168  0.549083  0.549468
45  0.522751  0.523015  0.521861

Leaf counts
    XGB_CPU  XGB_GPU  LGBM
0        32       32    32
15       32       32    32
30       32       32    32
45       32       32    32

Feature importance sorted by XGB_CPU
      XGB_CPU   XGB_GPU      LGBM
f7   0.108277  0.108062  0.103604
f11  0.083455  0.081292  0.085013
f4   0.063035  0.065825  0.068846
f0   0.058576  0.058493  0.087185
f20  0.049666  0.050772  0.072746

{'n_features': 30, 'max_depth': 6}
training xgboost - cpu tree construction
XGBoost CPU: 211.578842878 seconds
training xgboost - gpu tree construction
required: 1130144320
trying to allocate: 1130085632
XGBoost GPU: 32.7529609203 seconds
training LightGBM
LightGBM: 4.14511489868 seconds

logloss train
     XGB_CPU   XGB_GPU      LGBM
0   0.678545  0.678544  0.678591
15  0.571593  0.571663  0.571857
30  0.519981  0.519289  0.519896
45  0.487544  0.488272  0.487148

logloss valid
     XGB_CPU   XGB_GPU      LGBM
0   0.678613  0.678610  0.678632
15  0.573095  0.573166  0.573047
30  0.522949  0.522362  0.522580
45  0.491719  0.492468  0.491035

Leaf counts
    XGB_CPU  XGB_GPU  LGBM
0        64       64    64
15       64       64    64
30       64       64    64
45       64       64    64

Feature importance sorted by XGB_CPU
      XGB_CPU   XGB_GPU      LGBM
f7   0.111983  0.119810  0.088833
f11  0.084589  0.087545  0.071604
f0   0.066503  0.065696  0.076469
f4   0.063638  0.062246  0.062004
f20  0.053625  0.052809  0.060195

{'n_features': 30, 'max_depth': 7}
training xgboost - cpu tree construction
XGBoost CPU: 246.632820129 seconds
training xgboost - gpu tree construction
required: 1130288704
trying to allocate: 1130170624
XGBoost GPU: 36.2141258717 seconds
training LightGBM
LightGBM: 5.16674900055 seconds

logloss train
     XGB_CPU   XGB_GPU      LGBM
0   0.675952  0.675950  0.675980
15  0.549060  0.549436  0.550765
30  0.490395  0.492320  0.492345
45  0.455069  0.457476  0.454330

logloss valid
     XGB_CPU   XGB_GPU      LGBM
0   0.676068  0.676065  0.676083
15  0.551985  0.552319  0.553380
30  0.495586  0.497483  0.497110
45  0.461982  0.464336  0.460969

Leaf counts
    XGB_CPU  XGB_GPU  LGBM
0       128      128   128
15      128      128   128
30      128      128   128
45      128      126   128

Feature importance sorted by XGB_CPU
      XGB_CPU   XGB_GPU      LGBM
f7   0.110349  0.112958  0.078457
f11  0.092055  0.089502  0.063777
f0   0.061963  0.062609  0.068294
f4   0.061717  0.059724  0.056123
f20  0.050725  0.050243  0.055104

{'n_features': 30, 'max_depth': 8}
training xgboost - cpu tree construction
XGBoost CPU: 284.531744957 seconds
training xgboost - gpu tree construction
required: 1130577472
trying to allocate: 1130340608
XGBoost GPU: 38.6842250824 seconds
training LightGBM
LightGBM: 6.32962298393 seconds

logloss train
     XGB_CPU   XGB_GPU      LGBM
0   0.673265  0.673261  0.673277
15  0.525853  0.525824  0.527288
30  0.462198  0.458911  0.460472
45  0.421144  0.419887  0.421334

logloss valid
     XGB_CPU   XGB_GPU      LGBM
0   0.673615  0.673609  0.673593
15  0.530903  0.531010  0.532042
30  0.470848  0.467399  0.468517
45  0.432560  0.431023  0.432072

Leaf counts
    XGB_CPU  XGB_GPU  LGBM
0       256      256   256
15      256      256   256
30      254      255   255
45      247      246   249

Feature importance sorted by XGB_CPU
      XGB_CPU   XGB_GPU      LGBM
f7   0.114963  0.113951  0.070306
f11  0.087972  0.087777  0.057549
f0   0.060237  0.059736  0.063530
f4   0.054126  0.054424  0.053007
f20  0.052062  0.047967  0.052783

{'n_features': 30, 'max_depth': 9}
training xgboost - cpu tree construction
XGBoost CPU: 325.088910103 seconds
training xgboost - gpu tree construction
required: 1131155008
trying to allocate: 1130680576
XGBoost GPU: 40.8015010357 seconds
training LightGBM
LightGBM: 7.9940199852 seconds

logloss train
     XGB_CPU   XGB_GPU      LGBM
0   0.670266  0.670269  0.670313
15  0.501922  0.501747  0.501589
30  0.428016  0.426859  0.429114
45  0.383973  0.383470  0.384571

logloss valid
     XGB_CPU   XGB_GPU      LGBM
0   0.670872  0.670873  0.670902
15  0.510214  0.510173  0.509488
30  0.441696  0.440694  0.442057
45  0.401368  0.401154  0.401046

Leaf counts
    XGB_CPU  XGB_GPU  LGBM
0       512      512   512
15      506      506   509
30      496      500   482
45      459      496   420

Feature importance sorted by XGB_CPU
      XGB_CPU   XGB_GPU      LGBM
f7   0.106364  0.107483  0.063461
f11  0.078800  0.080563  0.051912
f0   0.058960  0.059526  0.057031
f4   0.057100  0.057315  0.048745
f20  0.048495  0.047915  0.048968

{'n_features': 30, 'max_depth': 10}
training xgboost - cpu tree construction
XGBoost CPU: 363.068913937 seconds
training xgboost - gpu tree construction
required: 1132310080
trying to allocate: 1131360512
XGBoost GPU: 43.689496994 seconds
training LightGBM
LightGBM: 9.70678400993 seconds

logloss train
     XGB_CPU   XGB_GPU      LGBM
0   0.666987  0.666987  0.667107
15  0.474680  0.474858  0.475388
30  0.394066  0.394029  0.393502
45  0.349297  0.346399  0.347076

logloss valid
     XGB_CPU   XGB_GPU      LGBM
0   0.668146  0.668148  0.668193
15  0.488715  0.488960  0.488520
30  0.415848  0.415774  0.413869
45  0.376020  0.373060  0.372314

Leaf counts
    XGB_CPU  XGB_GPU  LGBM
0      1024     1023  1023
15      968      954   966
30      963      939   884
45      793      974   709

Feature importance sorted by XGB_CPU
      XGB_CPU   XGB_GPU      LGBM
f7   0.105837  0.104277  0.058545
f11  0.072565  0.071009  0.048241
f0   0.057498  0.058003  0.055072
f4   0.052353  0.053110  0.046550
f20  0.047920  0.046776  0.044652

{'n_features': 30, 'max_depth': 11}
training xgboost - cpu tree construction
XGBoost CPU: 401.911187172 seconds
training xgboost - gpu tree construction
required: 1134620224
trying to allocate: 1132720384
XGBoost GPU: 46.334291935 seconds
training LightGBM
LightGBM: 12.4723889828 seconds

logloss train
     XGB_CPU   XGB_GPU      LGBM
0   0.663389  0.663391  0.663549
15  0.444863  0.445186  0.444814
30  0.358543  0.357558  0.356394
45  0.310377  0.306404  0.309487

logloss valid
     XGB_CPU   XGB_GPU      LGBM
0   0.665380  0.665382  0.665429
15  0.467047  0.467287  0.466153
30  0.390907  0.390203  0.387613
45  0.349077  0.345479  0.346511

Leaf counts
    XGB_CPU  XGB_GPU  LGBM
0      2025     2022  2033
15     1785     1795  1890
30     1583     1710  1537
45     1371     1689  1143

Feature importance sorted by XGB_CPU
      XGB_CPU   XGB_GPU      LGBM
f7   0.091587  0.092981  0.054271
f11  0.063507  0.064307  0.044592
f0   0.057319  0.055333  0.051772
f4   0.052348  0.052340  0.043371
f20  0.046006  0.045362  0.043049

{'n_features': 30, 'max_depth': 12}
training xgboost - cpu tree construction
XGBoost CPU: 442.009162903 seconds
training xgboost - gpu tree construction
required: 1139240512
trying to allocate: 1135440128
XGBoost GPU: 48.3674619198 seconds
training LightGBM
LightGBM: 16.4204661846 seconds

logloss train
     XGB_CPU   XGB_GPU      LGBM
0   0.659320  0.659333  0.659518
15  0.412692  0.414281  0.414519
30  0.318554  0.319461  0.320587
45  0.269355  0.266113  0.272285

logloss valid
     XGB_CPU   XGB_GPU      LGBM
0   0.662622  0.662619  0.662668
15  0.446906  0.448271  0.447463
30  0.366320  0.366806  0.366666
45  0.324023  0.320960  0.325429

Leaf counts
    XGB_CPU  XGB_GPU  LGBM
0      3902     3875  3937
15     3394     3502  3442
30     2773     2825  2905
45     2126     2326  3261

Feature importance sorted by XGB_CPU
      XGB_CPU   XGB_GPU      LGBM
f7   0.082741  0.087623  0.050428
f11  0.060393  0.058264  0.042576
f0   0.053479  0.052735  0.049691
f4   0.048439  0.048440  0.041573
f20  0.044028  0.044839  0.042738

{'n_features': 30, 'max_depth': 13}
training xgboost - cpu tree construction
XGBoost CPU: 479.460870981 seconds
training xgboost - gpu tree construction
required: 1148481088
trying to allocate: 1140879616
XGBoost GPU: 51.3191621304 seconds
training LightGBM
LightGBM: 23.9195888042 seconds

logloss train
     XGB_CPU   XGB_GPU      LGBM
0   0.654914  0.654980  0.655093
15  0.379423  0.378395  0.380566
30  0.279859  0.278530  0.280056
45  0.228121  0.228835  0.230688

logloss valid
     XGB_CPU   XGB_GPU      LGBM
0   0.660105  0.660126  0.660070
15  0.429160  0.428290  0.428729
30  0.345674  0.344846  0.345044
45  0.301833  0.302300  0.302972

Leaf counts
    XGB_CPU  XGB_GPU  LGBM
0      7100     7004  7186
15     5779     5800  5367
30     4205     4737  4585
45     2900     2615  3307

Feature importance sorted by XGB_CPU
      XGB_CPU   XGB_GPU      LGBM
f7   0.074970  0.074655  0.047927
f11  0.055623  0.057936  0.040745
f0   0.052772  0.051583  0.047678
f4   0.046559  0.046639  0.040550
f20  0.043657  0.043504  0.041315

{'n_features': 30, 'max_depth': 14}
training xgboost - cpu tree construction
XGBoost CPU: 524.683144808 seconds
training xgboost - gpu tree construction
required: 1166962240
trying to allocate: 1151758592
XGBoost GPU: 54.5131340027 seconds
training LightGBM
LightGBM: 39.0832338333 seconds

logloss train
     XGB_CPU   XGB_GPU      LGBM
0   0.650144  0.650317  0.650320
15  0.343114  0.344192  0.345468
30  0.237784  0.239287  0.240967
45  0.186996  0.187785  0.192062

logloss valid
     XGB_CPU   XGB_GPU      LGBM
0   0.657854  0.657897  0.657793
15  0.412300  0.412885  0.412571
30  0.325994  0.327092  0.326919
45  0.282680  0.282572  0.284721

Leaf counts
    XGB_CPU  XGB_GPU   LGBM
0     11912    11612  12121
15     9439     9486   9022
30     6810     5729   6697
45     4398     4645   4225

Feature importance sorted by XGB_CPU
      XGB_CPU   XGB_GPU      LGBM
f7   0.068306  0.071480  0.046651
f11  0.051563  0.052982  0.038883
f0   0.050556  0.050597  0.046228
f4   0.045874  0.045780  0.039907
f20  0.043110  0.043135  0.040649

{'n_features': 30, 'max_depth': 15}
training xgboost - cpu tree construction
XGBoost CPU: 552.845695972 seconds
training xgboost - gpu tree construction
required: 1203924544
trying to allocate: 1173516544
XGBoost GPU: 57.1353538036 seconds
training LightGBM
LightGBM: 72.1870861053 seconds

logloss train
     XGB_CPU   XGB_GPU      LGBM
0   0.645325  0.645667  0.645486
15  0.310518  0.311858  0.312606
30  0.200741  0.202084  0.202139
45  0.150974  0.151379  0.154292

logloss valid
     XGB_CPU   XGB_GPU      LGBM
0   0.655961  0.656040  0.655906
15  0.400502  0.400960  0.400200
30  0.311350  0.312787  0.310860
45  0.268215  0.268143  0.268948

Leaf counts
    XGB_CPU  XGB_GPU   LGBM
0     18304    17605  18687
15    13968    12956  13285
30    10662     9167   9523
45     7183     5434   5254

Feature importance sorted by XGB_CPU
      XGB_CPU   XGB_GPU      LGBM
f7   0.064513  0.064787  0.045608
f11  0.051005  0.050770  0.038712
f0   0.050123  0.050860  0.045685
f4   0.045606  0.044768  0.039077
f20  0.042288  0.042030  0.040012

{'n_features': 50, 'max_depth': 5}
training xgboost - cpu tree construction
XGBoost CPU: 174.757729053 seconds
training xgboost - gpu tree construction
required: 1130072128
trying to allocate: 1130043136
XGBoost GPU: 29.5131528378 seconds
training LightGBM
LightGBM: 3.36265802383 seconds

logloss train
     XGB_CPU   XGB_GPU      LGBM
0   0.686910  0.686910  0.686920
15  0.638952  0.638744  0.638936
30  0.612899  0.613608  0.613508
45  0.594149  0.594351  0.594160

logloss valid
     XGB_CPU   XGB_GPU      LGBM
0   0.686881  0.686881  0.686868
15  0.639515  0.639193  0.639362
30  0.614118  0.614834  0.614630
45  0.596227  0.596377  0.596051

Leaf counts
    XGB_CPU  XGB_GPU  LGBM
0        32       32    32
15       32       32    32
30       32       32    32
45       32       32    32

Feature importance sorted by XGB_CPU
      XGB_CPU   XGB_GPU      LGBM
f6   0.131398  0.123274  0.106589
f3   0.075109  0.073938  0.072991
f19  0.051750  0.058104  0.051557
f13  0.044570  0.045953  0.059919
f15  0.043672  0.044500  0.073880

{'n_features': 50, 'max_depth': 6}
training xgboost - cpu tree construction
XGBoost CPU: 213.897540092 seconds
training xgboost - gpu tree construction
required: 1130144320
trying to allocate: 1130085632
XGBoost GPU: 32.8836188316 seconds
training LightGBM
LightGBM: 4.10217690468 seconds

logloss train
     XGB_CPU   XGB_GPU      LGBM
0   0.685426  0.685425  0.685460
15  0.625531  0.626063  0.626565
30  0.594185  0.593542  0.595004
45  0.572196  0.572336  0.572552

logloss valid
     XGB_CPU   XGB_GPU      LGBM
0   0.685475  0.685474  0.685508
15  0.626898  0.627447  0.627761
30  0.597035  0.596407  0.597481
45  0.576324  0.576395  0.576120

Leaf counts
    XGB_CPU  XGB_GPU  LGBM
0        64       64    64
15       64       64    64
30       64       64    64
45       64       64    64

Feature importance sorted by XGB_CPU
      XGB_CPU   XGB_GPU      LGBM
f6   0.150111  0.142945  0.088764
f3   0.071940  0.072681  0.063078
f19  0.050769  0.053669  0.045630
f15  0.046742  0.044260  0.065441
f13  0.045968  0.048074  0.053640

{'n_features': 50, 'max_depth': 7}
training xgboost - cpu tree construction
XGBoost CPU: 250.398303986 seconds
training xgboost - gpu tree construction
required: 1130288704
trying to allocate: 1130170624
XGBoost GPU: 35.4247329235 seconds
training LightGBM
LightGBM: 5.17888784409 seconds

logloss train
     XGB_CPU   XGB_GPU      LGBM
0   0.683978  0.683977  0.684029
15  0.611918  0.611493  0.612385
30  0.574790  0.573923  0.573969
45  0.548073  0.547940  0.548114

logloss valid
     XGB_CPU   XGB_GPU      LGBM
0   0.684151  0.684146  0.684173
15  0.614782  0.614327  0.614918
30  0.580058  0.579093  0.578698
45  0.555461  0.555110  0.554738

Leaf counts
    XGB_CPU  XGB_GPU  LGBM
0       128      128   128
15      128      128   128
30      128      128   128
45      127      128   128

Feature importance sorted by XGB_CPU
      XGB_CPU   XGB_GPU      LGBM
f6   0.138197  0.138195  0.075239
f3   0.072656  0.084689  0.053514
f19  0.058859  0.050991  0.038318
f13  0.048369  0.049522  0.048754
f15  0.046842  0.046800  0.059202

{'n_features': 50, 'max_depth': 8}
training xgboost - cpu tree construction
XGBoost CPU: 287.987900972 seconds
training xgboost - gpu tree construction
required: 1130577472
trying to allocate: 1130340608
XGBoost GPU: 38.1519229412 seconds
training LightGBM
LightGBM: 6.45345211029 seconds

logloss train
     XGB_CPU   XGB_GPU      LGBM
0   0.682275  0.682269  0.682353
15  0.595759  0.596184  0.596274
30  0.552304  0.551321  0.552066
45  0.522794  0.520906  0.522597

logloss valid
     XGB_CPU   XGB_GPU      LGBM
0   0.682597  0.682591  0.682615
15  0.600798  0.601242  0.600895
30  0.561180  0.560228  0.560301
45  0.534779  0.532918  0.533752

Leaf counts
    XGB_CPU  XGB_GPU  LGBM
0       256      256   256
15      256      252   256
30      254      256   255
45      256      250   250

Feature importance sorted by XGB_CPU
      XGB_CPU   XGB_GPU      LGBM
f6   0.125780  0.120052  0.067358
f3   0.067275  0.069309  0.049201
f15  0.048637  0.046534  0.056484
f19  0.048472  0.051749  0.036258
f13  0.046767  0.047573  0.044396

{'n_features': 50, 'max_depth': 9}
training xgboost - cpu tree construction
XGBoost CPU: 325.914979935 seconds
training xgboost - gpu tree construction
required: 1131155008
trying to allocate: 1130680576
XGBoost GPU: 40.7132401466 seconds
training LightGBM
LightGBM: 7.86747694016 seconds

logloss train
     XGB_CPU   XGB_GPU      LGBM
0   0.680423  0.680417  0.680479
15  0.577978  0.577249  0.579244
30  0.526792  0.527453  0.527995
45  0.494730  0.493012  0.496185

logloss valid
     XGB_CPU   XGB_GPU      LGBM
0   0.681015  0.681009  0.681022
15  0.586760  0.586005  0.587343
30  0.541669  0.542267  0.541908
45  0.514344  0.512687  0.514668

Leaf counts
    XGB_CPU  XGB_GPU  LGBM
0       512      512   512
15      511      509   508
30      504      444   492
45      484      498   473

Feature importance sorted by XGB_CPU
      XGB_CPU   XGB_GPU      LGBM
f6   0.111479  0.106104  0.058894
f3   0.063358  0.064494  0.046267
f15  0.048416  0.047554  0.050654
f13  0.045881  0.044667  0.041404
f19  0.045408  0.044261  0.033896

{'n_features': 50, 'max_depth': 10}
training xgboost - cpu tree construction
XGBoost CPU: 362.704319954 seconds
training xgboost - gpu tree construction
required: 1132310080
trying to allocate: 1131360512
XGBoost GPU: 43.3734538555 seconds
training LightGBM
LightGBM: 9.83338809013 seconds

logloss train
     XGB_CPU   XGB_GPU      LGBM
0   0.678264  0.678251  0.678313
15  0.558086  0.557429  0.559413
30  0.498994  0.499344  0.499869
45  0.462563  0.463854  0.463543

logloss valid
     XGB_CPU   XGB_GPU      LGBM
0   0.679404  0.679384  0.679394
15  0.572801  0.572379  0.573488
30  0.523198  0.523687  0.523222
45  0.493619  0.495168  0.493731

Leaf counts
    XGB_CPU  XGB_GPU  LGBM
0      1019     1019  1022
15      940     1008   968
30      930      932   877
45      982      884   888

Feature importance sorted by XGB_CPU
      XGB_CPU   XGB_GPU      LGBM
f6   0.091314  0.087466  0.052966
f3   0.055775  0.055838  0.042763
f15  0.047921  0.048217  0.047245
f13  0.044534  0.044466  0.040628
f19  0.043338  0.044972  0.031941

{'n_features': 50, 'max_depth': 11}
training xgboost - cpu tree construction
XGBoost CPU: 405.823179007 seconds
training xgboost - gpu tree construction
required: 1134620224
trying to allocate: 1132720384
XGBoost GPU: 45.9673900604 seconds
training LightGBM
LightGBM: 12.9424679279 seconds

logloss train
     XGB_CPU   XGB_GPU      LGBM
0   0.675680  0.675668  0.675763
15  0.534030  0.533834  0.535090
30  0.468307  0.466534  0.469434
45  0.428697  0.427457  0.429150

logloss valid
     XGB_CPU   XGB_GPU      LGBM
0   0.677668  0.677656  0.677694
15  0.558479  0.558186  0.558381
30  0.506566  0.505087  0.506547
45  0.476776  0.475477  0.475914

Leaf counts
    XGB_CPU  XGB_GPU  LGBM
0      2011     2005  2025
15     1839     1766  1889
30     1832     1472  1647
45     1388     1515  1403

Feature importance sorted by XGB_CPU
      XGB_CPU   XGB_GPU      LGBM
f6   0.076483  0.075212  0.048826
f3   0.051760  0.050778  0.039808
f15  0.045758  0.045603  0.046235
f13  0.043554  0.043057  0.038182
f19  0.041312  0.041745  0.032159

{'n_features': 50, 'max_depth': 12}
training xgboost - cpu tree construction
XGBoost CPU: 442.696171999 seconds
training xgboost - gpu tree construction
required: 1139240512
trying to allocate: 1135440128
XGBoost GPU: 48.4953699112 seconds
training LightGBM
LightGBM: 16.1813850403 seconds

logloss train
     XGB_CPU   XGB_GPU      LGBM
0   0.672628  0.672632  0.672699
15  0.506794  0.506959  0.508315
30  0.430959  0.430067  0.435358
45  0.387795  0.387508  0.390914

logloss valid
     XGB_CPU   XGB_GPU      LGBM
0   0.676002  0.675978  0.676018
15  0.545583  0.545617  0.545816
30  0.489643  0.488866  0.491442
45  0.458760  0.458302  0.459435

Leaf counts
    XGB_CPU  XGB_GPU  LGBM
0      3871     3843  3890
15     3329     3171  3272
30     2486     2705  2756
45     2274     2184  2645

Feature importance sorted by XGB_CPU
      XGB_CPU   XGB_GPU      LGBM
f6   0.065469  0.066552  0.045946
f3   0.048001  0.047632  0.038444
f15  0.045138  0.045259  0.043813
f13  0.043029  0.041906  0.037893
f19  0.039834  0.039286  0.031431

{'n_features': 50, 'max_depth': 13}
training xgboost - cpu tree construction
XGBoost CPU: 479.377664089 seconds
training xgboost - gpu tree construction
required: 1148481088
trying to allocate: 1140879616
XGBoost GPU: 51.2030789852 seconds
training LightGBM
LightGBM: 23.6467900276 seconds

logloss train
     XGB_CPU   XGB_GPU      LGBM
0   0.668935  0.668974  0.669001
15  0.474059  0.474730  0.475837
30  0.389900  0.390705  0.392542
45  0.342518  0.344552  0.347311

logloss valid
     XGB_CPU   XGB_GPU      LGBM
0   0.674424  0.674393  0.674371
15  0.532944  0.533251  0.532973
30  0.475218  0.475353  0.475102
45  0.443300  0.443967  0.444364

Leaf counts
    XGB_CPU  XGB_GPU  LGBM
0      7089     7006  7164
15     5462     5839  5466
30     3687     5304  4113
45     3206     2909  3057

Feature importance sorted by XGB_CPU
      XGB_CPU   XGB_GPU      LGBM
f6   0.059348  0.060262  0.042700
f15  0.044397  0.045156  0.042322
f3   0.044036  0.044811  0.035683
f13  0.040984  0.040856  0.037339
f23  0.040143  0.039130  0.041885

{'n_features': 50, 'max_depth': 14}
training xgboost - cpu tree construction
XGBoost CPU: 518.922261953 seconds
training xgboost - gpu tree construction
required: 1166962240
trying to allocate: 1151758592
XGBoost GPU: 54.7157020569 seconds
training LightGBM
LightGBM: 38.6737918854 seconds

logloss train
     XGB_CPU   XGB_GPU      LGBM
0   0.664555  0.664683  0.664650
15  0.438158  0.437657  0.439087
30  0.344471  0.344561  0.347160
45  0.296000  0.298300  0.300631

logloss valid
     XGB_CPU   XGB_GPU      LGBM
0   0.672928  0.672934  0.672927
15  0.522368  0.522145  0.521935
30  0.461435  0.461407  0.462529
45  0.429683  0.430599  0.431781

Leaf counts
    XGB_CPU  XGB_GPU   LGBM
0     12231    11963  12336
15     8572     9330   9663
30     8479     7616   8873
45     5446     4113   4447

Feature importance sorted by XGB_CPU
      XGB_CPU   XGB_GPU      LGBM
f6   0.054304  0.054491  0.040893
f15  0.042934  0.043062  0.041510
f3   0.042406  0.043063  0.035002
f13  0.040143  0.040425  0.037297
f23  0.039138  0.039291  0.040427

{'n_features': 50, 'max_depth': 15}
training xgboost - cpu tree construction
XGBoost CPU: 558.064254045 seconds
training xgboost - gpu tree construction
required: 1203924544
trying to allocate: 1173516544
XGBoost GPU: 57.8180720806 seconds
training LightGBM
LightGBM: 75.177615881 seconds

logloss train
     XGB_CPU   XGB_GPU      LGBM
0   0.659646  0.659946  0.659746
15  0.398995  0.399370  0.400107
30  0.302234  0.298456  0.302367
45  0.251436  0.250243  0.252423

logloss valid
     XGB_CPU   XGB_GPU      LGBM
0   0.671674  0.671712  0.671680
15  0.513681  0.513726  0.512968
30  0.453207  0.451586  0.452502
45  0.419751  0.419614  0.419511

Leaf counts
    XGB_CPU  XGB_GPU   LGBM
0     19414    18774  19672
15    13457    13572  13630
30     8068    11592   9777
45     4375     7641   7491

Feature importance sorted by XGB_CPU
      XGB_CPU   XGB_GPU      LGBM
f6   0.050767  0.051231  0.039997
f15  0.042016  0.042244  0.041054
f3   0.041165  0.041757  0.035161
f13  0.039925  0.039825  0.037102
f23  0.038799  0.038705  0.039988


Time
                      XGB_CPU  XGB_GPU  LGBM
n_features max_depth                        
30         5            176.7     29.8   3.3
           6            211.6     32.8   4.1
           7            246.6     36.2   5.2
           8            284.5     38.7   6.3
           9            325.1     40.8   8.0
           10           363.1     43.7   9.7
           11           401.9     46.3  12.5
           12           442.0     48.4  16.4
           13           479.5     51.3  23.9
           14           524.7     54.5  39.1
           15           552.8     57.1  72.2
50         5            174.8     29.5   3.4
           6            213.9     32.9   4.1
           7            250.4     35.4   5.2
           8            288.0     38.2   6.5
           9            325.9     40.7   7.9
           10           362.7     43.4   9.8
           11           405.8     46.0  12.9
           12           442.7     48.5  16.2
           13           479.4     51.2  23.6
           14           518.9     54.7  38.7
           15           558.1     57.8  75.2

Done: 9618.27479005 seconds
