

{'n_train': 1000000, 'max_depth': 5}
training xgboost - cpu tree construction
XGBoost CPU: 52.7357149124 seconds
training LightGBM
LightGBM: 4.90214490891 seconds

logloss train
         XGB       LGB
0   0.689569  0.689569
15  0.665045  0.665045
30  0.653813  0.653813
45  0.646977  0.646977
60  0.643014  0.643014
75  0.638475  0.638475
90  0.634377  0.634377

logloss valid
         XGB       LGB
0   0.689588  0.689588
15  0.665595  0.665595
30  0.654863  0.654863
45  0.648520  0.648520
60  0.644956  0.644956
75  0.640835  0.640835
90  0.637079  0.637080

Leaf counts
    XGB  LGB
0    32   32
15   32   32
30   32   32
45   32   32
60   32   32
75   32   32
90   32   32

Feature importance(gain) sorted by XGB
          XGB       LGB
f5   0.120706  0.120188
f9   0.096251  0.097681
f11  0.072384  0.103028
f0   0.050159  0.032655
f19  0.049937  0.080003


{'n_train': 1000000, 'max_depth': 10}
training xgboost - cpu tree construction
XGBoost CPU: 114.397428036 seconds
training LightGBM
LightGBM: 13.0554070473 seconds

logloss train
         XGB       LGB
0   0.683154  0.683154
15  0.605382  0.605406
30  0.572887  0.570818
45  0.557353  0.555015
60  0.545361  0.544214
75  0.536964  0.534701
90  0.524856  0.525562

logloss valid
         XGB       LGB
0   0.683983  0.683984
15  0.616027  0.616047
30  0.590458  0.588827
45  0.579241  0.577518
60  0.571144  0.570391
75  0.566356  0.564828
90  0.558706  0.559382

Leaf counts
    XGB  LGB
0   990  990
15  952  950
30  885  949
45  507  660
60  426  563
75  464  625
90  934  725

Feature importance(gain) sorted by XGB
          XGB       LGB
f5   0.073681  0.060918
f9   0.057614  0.064339
f11  0.055850  0.065152
f26  0.051034  0.069196
f19  0.049989  0.077106


{'n_train': 1000000, 'max_depth': 11}
training xgboost - cpu tree construction
XGBoost CPU: 126.872522116 seconds
training LightGBM
LightGBM: 15.6906151772 seconds

logloss train
         XGB       LGB
0   0.681074  0.681077
15  0.587078  0.586821
30  0.547205  0.546365
45  0.526139  0.529124
60  0.514039  0.518430
75  0.504449  0.507864
90  0.493804  0.494599

logloss valid
         XGB       LGB
0   0.682500  0.682506
15  0.604428  0.604246
30  0.575299  0.574520
45  0.561165  0.562778
60  0.554486  0.557301
75  0.550047  0.551940
90  0.544590  0.545024

Leaf counts
     XGB   LGB
0   1910  1910
15  1721  1741
30  1187  1823
45   844   780
60  1050   967
75   600   605
90   660  1035

Feature importance(gain) sorted by XGB
          XGB       LGB
f5   0.067884  0.056516
f9   0.054413  0.060751
f11  0.052131  0.062408
f26  0.051789  0.067170
f19  0.050499  0.077547


{'n_train': 1000000, 'max_depth': 12}
training xgboost - cpu tree construction
XGBoost CPU: 133.165202141 seconds
training LightGBM
LightGBM: 20.800976038 seconds

logloss train
         XGB       LGB
0   0.678675  0.678682
15  0.564308  0.565132
30  0.515396  0.517833
45  0.492675  0.495105
60  0.479536  0.481244
75  0.467662  0.470416
90  0.456773  0.458898

logloss valid
         XGB       LGB
0   0.680968  0.680967
15  0.592048  0.592787
30  0.559699  0.561440
45  0.545915  0.547374
60  0.539667  0.540761
75  0.534741  0.536128
90  0.530474  0.531839

Leaf counts
     XGB   LGB
0   3494  3494
15  2756  2738
30  3232  3319
45  1015  1077
60  1259  1253
75  1778  1323
90  1393  1328

Feature importance(gain) sorted by XGB
          XGB       LGB
f5   0.061279  0.052261
f9   0.052503  0.058614
f11  0.050936  0.058656
f19  0.050343  0.074104
f26  0.049829  0.067010


{'n_train': 1000000, 'max_depth': 13}
training xgboost - cpu tree construction
XGBoost CPU: 138.709565878 seconds
training LightGBM
LightGBM: 29.7030129433 seconds

logloss train
         XGB       LGB
0   0.675897  0.675916
15  0.538877  0.539110
30  0.484550  0.487172
45  0.456593  0.462490
60  0.440830  0.446696
75  0.427613  0.432881
90  0.413183  0.419813

logloss valid
         XGB       LGB
0   0.679503  0.679511
15  0.581637  0.581387
30  0.549004  0.550034
45  0.534009  0.536146
60  0.528060  0.529123
75  0.524145  0.524471
90  0.519357  0.520747

Leaf counts
     XGB   LGB
0   5986  5981
15  4491  4937
30  3176  3264
45  2248  3001
60  2311  1988
75  1507  1629
90  1958  2282

Feature importance(gain) sorted by XGB
          XGB       LGB
f5   0.056515  0.049143
f9   0.050013  0.055061
f26  0.049407  0.065531
f11  0.048997  0.056722
f19  0.048782  0.071838


{'n_train': 1000000, 'max_depth': 14}
training xgboost - cpu tree construction
XGBoost CPU: 155.920739174 seconds
training LightGBM
LightGBM: 45.779250145 seconds

logloss train
         XGB       LGB
0   0.672734  0.672780
15  0.508588  0.509878
30  0.448466  0.448339
45  0.425478  0.423189
60  0.409673  0.406761
75  0.394481  0.390868
90  0.379652  0.376606

logloss valid
         XGB       LGB
0   0.678082  0.678060
15  0.570437  0.570917
30  0.537976  0.537686
45  0.526286  0.525262
60  0.520240  0.519314
75  0.516109  0.515344
90  0.511171  0.512063

Leaf counts
     XGB   LGB
0   9595  9551
15  8313  7494
30  4579  4851
45  5763  3324
60  1704  2456
75  4085  2668
90  2918  4365

Feature importance(gain) sorted by XGB
          XGB       LGB
f5   0.053558  0.046228
f26  0.048878  0.063858
f19  0.048848  0.069317
f9   0.048075  0.052020
f11  0.047521  0.054042


{'n_train': 1000000, 'max_depth': 15}
training xgboost - cpu tree construction
XGBoost CPU: 178.191586018 seconds
training LightGBM
LightGBM: 81.2674920559 seconds

logloss train
         XGB       LGB
0   0.669226  0.669318
15  0.477401  0.480340
30  0.409188  0.409155
45  0.375865  0.379254
60  0.356592  0.360864
75  0.339302  0.342659
90  0.319034  0.327357

logloss valid
         XGB       LGB
0   0.676768  0.676760
15  0.562141  0.563506
30  0.528747  0.528705
45  0.514382  0.515400
60  0.509070  0.509748
75  0.504506  0.505432
90  0.499436  0.502475

Leaf counts
      XGB    LGB
0   14431  14291
15  11733  11213
30   5207   5451
45   7891   7938
60   2504   2115
75   3837   3417
90   6290   2341

Feature importance(gain) sorted by XGB
          XGB       LGB
f5   0.049903  0.044970
f19  0.048004  0.067040
f26  0.046932  0.061943
f9   0.046272  0.051011
f11  0.045966  0.052214


{'n_train': 1000000, 'max_depth': 16}
training xgboost - cpu tree construction
XGBoost CPU: 191.937772036 seconds
training LightGBM
LightGBM: 159.498275995 seconds

logloss train
         XGB       LGB
0   0.665488  0.665649
15  0.449103  0.448578
30  0.369977  0.370273
45  0.340226  0.340859
60  0.324441  0.323650
75  0.303230  0.307327
90  0.287586  0.289923

logloss valid
         XGB       LGB
0   0.675642  0.675628
15  0.557483  0.556780
30  0.521965  0.521382
45  0.509393  0.508807
60  0.504777  0.504021
75  0.500491  0.500380
90  0.496634  0.497083

Leaf counts
      XGB    LGB
0   20380  20100
15  16102  15797
30   8805   9277
45   3483   7945
60   2884   3921
75   8255   2970
90   4969   3751

Feature importance(gain) sorted by XGB
          XGB       LGB
f5   0.048783  0.044062
f19  0.047104  0.064513
f26  0.046243  0.060295
f9   0.045384  0.049307
f11  0.044907  0.050228


{'n_train': 2000000, 'max_depth': 5}
training xgboost - cpu tree construction
XGBoost CPU: 161.109390974 seconds
training LightGBM
LightGBM: 9.56961202621 seconds

logloss train
         XGB       LGB
0   0.689736  0.689736
15  0.664276  0.664276
30  0.653261  0.653261
45  0.647001  0.647001
60  0.642289  0.642289
75  0.637895  0.637895
90  0.634146  0.634146

logloss valid
         XGB       LGB
0   0.689824  0.689824
15  0.665071  0.665071
30  0.654488  0.654488
45  0.648496  0.648496
60  0.644018  0.644018
75  0.639829  0.639829
90  0.636296  0.636295

Leaf counts
    XGB  LGB
0    32   32
15   32   32
30   31   31
45   32   32
60   32   32
75   32   32
90   32   32

Feature importance(gain) sorted by XGB
          XGB       LGB
f15  0.133474  0.120910
f25  0.082371  0.107553
f9   0.068949  0.057721
f19  0.056616  0.070033
f18  0.053055  0.064965


{'n_train': 2000000, 'max_depth': 10}
training xgboost - cpu tree construction
XGBoost CPU: 334.569967985 seconds
training LightGBM
LightGBM: 24.9296028614 seconds

logloss train
         XGB       LGB
0   0.683340  0.683340
15  0.607790  0.607709
30  0.577326  0.578146
45  0.564260  0.561781
60  0.550979  0.552056
75  0.541567  0.542177
90  0.532315  0.531581

logloss valid
         XGB       LGB
0   0.683965  0.683964
15  0.614396  0.614263
30  0.587738  0.588236
45  0.577135  0.574739
60  0.566390  0.567097
75  0.559203  0.559530
90  0.552449  0.551454

Leaf counts
     XGB   LGB
0   1021  1021
15   963   981
30   947   890
45   633   543
60   485   634
75   798   788
90   883   880

Feature importance(gain) sorted by XGB
          XGB       LGB
f15  0.073864  0.064931
f25  0.054765  0.074924
f4   0.052928  0.073793
f18  0.052788  0.046555
f19  0.052275  0.051232


{'n_train': 2000000, 'max_depth': 11}
training xgboost - cpu tree construction
XGBoost CPU: 409.449539185 seconds
training LightGBM
LightGBM: 31.6307079792 seconds

logloss train
         XGB       LGB
0   0.681432  0.681433
15  0.590665  0.590745
30  0.554086  0.554211
45  0.537885  0.538603
60  0.525280  0.527687
75  0.513819  0.517226
90  0.504977  0.508105

logloss valid
         XGB       LGB
0   0.682385  0.682383
15  0.601579  0.601559
30  0.571176  0.571145
45  0.558661  0.558887
60  0.549362  0.550932
75  0.541011  0.543705
90  0.535541  0.537756

Leaf counts
     XGB   LGB
0   2000  2000
15  1830  1791
30  1488  1363
45  1377   944
60   946  1085
75  1118  1561
90   905  1653

Feature importance(gain) sorted by XGB
          XGB       LGB
f15  0.069171  0.059126
f22  0.053232  0.070907
f4   0.053089  0.071554
f25  0.052812  0.069751
f18  0.051692  0.046653


{'n_train': 2000000, 'max_depth': 12}
training xgboost - cpu tree construction
XGBoost CPU: 473.490952969 seconds
training LightGBM
LightGBM: 39.728801012 seconds

logloss train
         XGB       LGB
0   0.679188  0.679191
15  0.571547  0.571495
30  0.529375  0.529683
45  0.513021  0.509720
60  0.498846  0.496231
75  0.486183  0.485564
90  0.475774  0.474144

logloss valid
         XGB       LGB
0   0.680659  0.680658
15  0.588237  0.588405
30  0.555164  0.555798
45  0.543279  0.541451
60  0.533526  0.532073
75  0.526066  0.525626
90  0.520634  0.519307

Leaf counts
     XGB   LGB
0   3770  3767
15  3422  3326
30  2629  2751
45  1380  2530
60  2014  1910
75  1917  1633
90  3031  2522

Feature importance(gain) sorted by XGB
          XGB       LGB
f15  0.063358  0.054884
f4   0.052894  0.071401
f22  0.052618  0.069653
f25  0.051816  0.065012
f18  0.050054  0.044593


{'n_train': 2000000, 'max_depth': 13}
training xgboost - cpu tree construction
XGBoost CPU: 520.226639032 seconds
training LightGBM
LightGBM: 53.4795560837 seconds

logloss train
         XGB       LGB
0   0.676677  0.676687
15  0.548892  0.549441
30  0.500285  0.497918
45  0.482518  0.477132
60  0.469545  0.463274
75  0.457107  0.450562
90  0.443355  0.438473

logloss valid
         XGB       LGB
0   0.678959  0.678954
15  0.575067  0.575337
30  0.540003  0.538161
45  0.528068  0.524490
60  0.519912  0.515686
75  0.514465  0.509782
90  0.507629  0.504813

Leaf counts
     XGB   LGB
0   6784  6766
15  6190  5712
30  3502  3382
45  2534  2629
60  2485  1809
75  1736  3192
90  3776  1697

Feature importance(gain) sorted by XGB
          XGB       LGB
f15  0.060029  0.050225
f4   0.051769  0.069312
f22  0.051710  0.067879
f12  0.050015  0.060748
f25  0.049566  0.063475


{'n_train': 2000000, 'max_depth': 14}
training xgboost - cpu tree construction
XGBoost CPU: 511.58592701 seconds
training LightGBM
LightGBM: 75.7302930355 seconds

logloss train
         XGB       LGB
0   0.673845  0.673872
15  0.524915  0.525828
30  0.466531  0.468131
45  0.442051  0.443123
60  0.429625  0.430080
75  0.415808  0.418680
90  0.403985  0.406987

logloss valid
         XGB       LGB
0   0.677301  0.677294
15  0.563686  0.563995
30  0.525007  0.525668
45  0.509527  0.510078
60  0.503350  0.503211
75  0.498132  0.500082
90  0.493867  0.496369

Leaf counts
      XGB    LGB
0   11473  11418
15   9539   9021
30   5057   6063
45   3389   3110
60   5816   3606
75   2066   4809
90   2628   2696

Feature importance(gain) sorted by XGB
          XGB       LGB
f15  0.055447  0.048526
f4   0.050754  0.067387
f22  0.050747  0.065376
f12  0.048766  0.060679
f25  0.048312  0.059097


{'n_train': 2000000, 'max_depth': 15}
training xgboost - cpu tree construction
XGBoost CPU: 546.621982098 seconds
training LightGBM
LightGBM: 126.629114151 seconds

logloss train
         XGB       LGB
0   0.670689  0.670740
15  0.497494  0.497075
30  0.429825  0.430917
45  0.405271  0.408882
60  0.391240  0.393759
75  0.377200  0.380353
90  0.360436  0.362350

logloss valid
         XGB       LGB
0   0.675729  0.675719
15  0.552211  0.551639
30  0.511242  0.511833
45  0.497009  0.498746
60  0.490947  0.491061
75  0.486229  0.486890
90  0.480729  0.481392

Leaf counts
      XGB    LGB
0   18124  17981
15  14398  13542
30   8658   7877
45   5514   3347
60   3637   3477
75   3994   3743
90   3024  10521

Feature importance(gain) sorted by XGB
          XGB       LGB
f15  0.051947  0.045434
f22  0.049709  0.064791
f4   0.049705  0.066663
f12  0.047943  0.059181
f25  0.046877  0.057863


{'n_train': 2000000, 'max_depth': 16}
training xgboost - cpu tree construction
XGBoost CPU: 589.424393892 seconds
training LightGBM
LightGBM: 254.691416025 seconds

logloss train
         XGB       LGB
0   0.667276  0.667374
15  0.469038  0.467647
30  0.395140  0.393518
45  0.365743  0.364545
60  0.351492  0.347749
75  0.339247  0.333172
90  0.322580  0.314755

logloss valid
         XGB       LGB
0   0.674245  0.674232
15  0.543165  0.542330
30  0.502258  0.501061
45  0.486745  0.486010
60  0.480914  0.479402
75  0.476956  0.475888
90  0.472214  0.471822

Leaf counts
      XGB    LGB
0   26891  26603
15  18742  22707
30  14289  13528
45   3962  10763
60   4438   3123
75   5360   2944
90   6901  12813

Feature importance(gain) sorted by XGB
          XGB       LGB
f15  0.049826  0.044040
f4   0.049032  0.063982
f22  0.048410  0.061446
f12  0.047192  0.057640
f13  0.045391  0.055360
                  Time(sec)              Ratio
                    XGB_CPU    LGB XGB_CPU/LGB
n_train max_depth                             
1000000 5              52.7    4.9        10.8
        10            114.4   13.1         8.8
        11            126.9   15.7         8.1
        12            133.2   20.8         6.4
        13            138.7   29.7         4.7
        14            155.9   45.8         3.4
        15            178.2   81.3         2.2
        16            191.9  159.5         1.2
2000000 5             161.1    9.6        16.8
        10            334.6   24.9        13.4
        11            409.4   31.6        12.9
        12            473.5   39.7        11.9
        13            520.2   53.5         9.7
        14            511.6   75.7         6.8
        15            546.6  126.6         4.3
        16            589.4  254.7         2.3

Done: 5942.44544697 seconds
