

{'n_train': 1000000, 'max_depth': 5}
training xgboost - cpu tree construction
XGBoost CPU: 50.116412878 seconds
training LightGBM
LightGBM: 5.24468588829 seconds

logloss train
         XGB       LGB
0   0.689322  0.689322
15  0.661411  0.661411
30  0.650235  0.650235
45  0.643929  0.643929
60  0.638484  0.638484
75  0.634825  0.634825
90  0.630792  0.630792

logloss valid
         XGB       LGB
0   0.689359  0.689359
15  0.662098  0.662098
30  0.651476  0.651475
45  0.645674  0.645673
60  0.640621  0.640620
75  0.637296  0.637295
90  0.633537  0.633537

Leaf counts
    XGB  LGB
0    32   32
15   32   32
30   32   32
45   32   32
60   32   32
75   32   32
90   32   32

Feature importance sorted by XGB
          XGB       LGB
f1   0.109149  0.127025
f20  0.068815  0.079180
f24  0.067914  0.071891
f10  0.060099  0.035168
f27  0.058786  0.058364


{'n_train': 1000000, 'max_depth': 10}
training xgboost - cpu tree construction
XGBoost CPU: 111.295208931 seconds
training LightGBM
LightGBM: 13.5921230316 seconds

logloss train
         XGB       LGB
0   0.683329  0.683330
15  0.607255  0.607256
30  0.573593  0.575705
45  0.560418  0.561231
60  0.550637  0.549843
75  0.541399  0.541055
90  0.533200  0.531679

logloss valid
         XGB       LGB
0   0.684197  0.684195
15  0.618301  0.618133
30  0.591912  0.593570
45  0.582352  0.583201
60  0.575959  0.575523
75  0.570197  0.570400
90  0.565660  0.565521

Leaf counts
    XGB  LGB
0   988  987
15  979  940
30  597  541
45  597  624
60  637  660
75  501  745
90  699  885

Feature importance sorted by XGB
          XGB       LGB
f1   0.070106  0.078964
f20  0.062342  0.055025
f2   0.050833  0.079952
f4   0.050637  0.040268
f24  0.049678  0.055315


{'n_train': 1000000, 'max_depth': 11}
training xgboost - cpu tree construction
XGBoost CPU: 129.70517087 seconds
training LightGBM
LightGBM: 16.4554810524 seconds

logloss train
         XGB       LGB
0   0.681457  0.681458
15  0.590568  0.590010
30  0.549825  0.548586
45  0.533627  0.534241
60  0.522449  0.521722
75  0.510449  0.511272
90  0.498920  0.502440

logloss valid
         XGB       LGB
0   0.682877  0.682873
15  0.608338  0.607990
30  0.578995  0.578226
45  0.568367  0.568675
60  0.561825  0.561004
75  0.555582  0.555784
90  0.550092  0.552699

Leaf counts
     XGB   LGB
0   1879  1876
15  1631  1764
30   908  1309
45   999   952
60   791   960
75   841   848
90   953   775

Feature importance sorted by XGB
          XGB       LGB
f1   0.065272  0.072427
f20  0.059011  0.052597
f2   0.050214  0.077025
f24  0.048503  0.054121
f16  0.047970  0.058670


{'n_train': 1000000, 'max_depth': 12}
training xgboost - cpu tree construction
XGBoost CPU: 127.172967911 seconds
training LightGBM
LightGBM: 22.1692509651 seconds

logloss train
         XGB       LGB
0   0.679227  0.679238
15  0.568817  0.568487
30  0.521220  0.521879
45  0.503311  0.503695
60  0.490048  0.489969
75  0.477673  0.478563
90  0.466047  0.465809

logloss valid
         XGB       LGB
0   0.681515  0.681513
15  0.596916  0.596361
30  0.566274  0.566140
45  0.555252  0.554805
60  0.548652  0.547899
75  0.543631  0.543682
90  0.540197  0.539351

Leaf counts
     XGB   LGB
0   3421  3408
15  3040  3144
30  2166  1799
45  1526  1406
60  2033  1117
75  1281   953
90  1948  1291

Feature importance sorted by XGB
          XGB       LGB
f1   0.060674  0.067227
f20  0.053737  0.049061
f2   0.049258  0.075357
f19  0.047645  0.064074
f8   0.047197  0.058830


{'n_train': 1000000, 'max_depth': 13}
training xgboost - cpu tree construction
XGBoost CPU: 139.520678997 seconds
training LightGBM
LightGBM: 30.6164739132 seconds

logloss train
         XGB       LGB
0   0.676584  0.676609
15  0.543538  0.543644
30  0.487734  0.486368
45  0.466014  0.465018
60  0.451038  0.451934
75  0.437681  0.436577
90  0.424753  0.422876

logloss valid
         XGB       LGB
0   0.680129  0.680119
15  0.585900  0.586046
30  0.553531  0.552970
45  0.541254  0.541051
60  0.535156  0.535960
75  0.531669  0.531431
90  0.527796  0.527329

Leaf counts
     XGB   LGB
0   5880  5846
15  5130  5277
30  3245  3534
45  1506  3821
60  2172  1413
75  2374  3284
90   978  2017

Feature importance sorted by XGB
          XGB       LGB
f1   0.057728  0.063656
f20  0.051277  0.046869
f2   0.048652  0.072854
f19  0.047191  0.062514
f8   0.046795  0.058420


{'n_train': 1000000, 'max_depth': 14}
training xgboost - cpu tree construction
XGBoost CPU: 159.819761038 seconds
training LightGBM
LightGBM: 45.8187022209 seconds

logloss train
         XGB       LGB
0   0.673608  0.673667
15  0.515859  0.516058
30  0.451651  0.448914
45  0.425404  0.426020
60  0.411283  0.411952
75  0.395633  0.394583
90  0.380435  0.379258

logloss valid
         XGB       LGB
0   0.678869  0.678851
15  0.576620  0.576662
30  0.543556  0.542354
45  0.530384  0.530445
60  0.525230  0.525856
75  0.520942  0.521060
90  0.518228  0.517491

Leaf counts
     XGB   LGB
0   9424  9350
15  7983  7689
30  4623  4976
45  2901  2541
60  1795  1994
75  4765  3123
90  3473  3465

Feature importance sorted by XGB
          XGB       LGB
f1   0.054013  0.059868
f20  0.049101  0.044018
f2   0.047923  0.069959
f19  0.046308  0.060308
f8   0.045785  0.056973


{'n_train': 1000000, 'max_depth': 15}
training xgboost - cpu tree construction
XGBoost CPU: 170.847280979 seconds
training LightGBM
LightGBM: 84.9367549419 seconds

logloss train
         XGB       LGB
0   0.670295  0.670403
15  0.485336  0.487924
30  0.412481  0.412842
45  0.384964  0.384739
60  0.369603  0.367649
75  0.351123  0.349212
90  0.332201  0.330099

logloss valid
         XGB       LGB
0   0.677662  0.677642
15  0.568661  0.569024
30  0.535062  0.534539
45  0.522524  0.522026
60  0.517926  0.516572
75  0.514880  0.513550
90  0.512710  0.509919

Leaf counts
      XGB    LGB
0   14017  13863
15  12382  11576
30   6196   8036
45   2846   3566
60   2976   5284
75   2922   3617
90   2521   4577

Feature importance sorted by XGB
          XGB       LGB
f1   0.051868  0.056506
f20  0.047374  0.043123
f2   0.047256  0.066570
f19  0.045576  0.058531
f3   0.044776  0.066576


{'n_train': 1000000, 'max_depth': 16}
training xgboost - cpu tree construction
XGBoost CPU: 192.121408939 seconds
training LightGBM
LightGBM: 166.434650898 seconds

logloss train
         XGB       LGB
0   0.666749  0.666916
15  0.456935  0.457169
30  0.373833  0.372139
45  0.341385  0.341457
60  0.327140  0.326973
75  0.305977  0.309822
90  0.287659  0.293739

logloss valid
         XGB       LGB
0   0.676621  0.676578
15  0.563124  0.562969
30  0.528100  0.527721
45  0.515098  0.515209
60  0.511568  0.510386
75  0.506760  0.507745
90  0.503697  0.505560

Leaf counts
      XGB    LGB
0   19624  19331
15  14996  16220
30   9007   9650
45   6540   4959
60   2308   3744
75   2839   4226
90   2764   5457

Feature importance sorted by XGB
          XGB       LGB
f1   0.050026  0.054949
f2   0.046346  0.065709
f20  0.045549  0.041960
f19  0.044693  0.056709
f3   0.044517  0.064904


{'n_train': 2000000, 'max_depth': 5}
training xgboost - cpu tree construction
XGBoost CPU: 163.437397003 seconds
training LightGBM
LightGBM: 9.65580892563 seconds

logloss train
         XGB       LGB
0   0.689735  0.689735
15  0.664227  0.664227
30  0.653815  0.653815
45  0.647420  0.647420
60  0.642618  0.642618
75  0.638386  0.638386
90  0.634971  0.634971

logloss valid
         XGB       LGB
0   0.689824  0.689824
15  0.665001  0.665001
30  0.654962  0.654962
45  0.648822  0.648822
60  0.644315  0.644314
75  0.640263  0.640263
90  0.637029  0.637029

Leaf counts
    XGB  LGB
0    32   32
15   32   32
30   32   32
45   32   32
60   32   32
75   32   32
90   32   32

Feature importance sorted by XGB
          XGB       LGB
f15  0.134455  0.122241
f25  0.086810  0.102874
f9   0.068302  0.060384
f19  0.059205  0.068304
f13  0.054283  0.053436


{'n_train': 2000000, 'max_depth': 10}
training xgboost - cpu tree construction
XGBoost CPU: 333.66218996 seconds
training LightGBM
LightGBM: 24.0700640678 seconds

logloss train
         XGB       LGB
0   0.683323  0.683323
15  0.607776  0.607881
30  0.577428  0.577035
45  0.563582  0.563699
60  0.553028  0.552981
75  0.541758  0.544346
90  0.532016  0.534828

logloss valid
         XGB       LGB
0   0.683937  0.683936
15  0.614335  0.614411
30  0.587843  0.587406
45  0.576555  0.576532
60  0.568152  0.567945
75  0.559321  0.561408
90  0.552008  0.554276

Leaf counts
     XGB   LGB
0   1021  1021
15   988   993
30   896   796
45   825   540
60   626   647
75   703   680
90   834   954

Feature importance sorted by XGB
          XGB       LGB
f15  0.073482  0.065450
f25  0.055051  0.073503
f4   0.053330  0.073969
f19  0.052840  0.052703
f18  0.052793  0.046502


{'n_train': 2000000, 'max_depth': 11}
training xgboost - cpu tree construction
XGBoost CPU: 377.692531109 seconds
training LightGBM
LightGBM: 32.2001161575 seconds

logloss train
         XGB       LGB
0   0.681405  0.681406
15  0.590484  0.590867
30  0.554678  0.553346
45  0.540218  0.536986
60  0.527875  0.525561
75  0.515778  0.514847
90  0.506942  0.505817

logloss valid
         XGB       LGB
0   0.682362  0.682361
15  0.601207  0.601426
30  0.571295  0.570173
45  0.560329  0.557569
60  0.551037  0.549022
75  0.542480  0.541405
90  0.536957  0.536158

Leaf counts
     XGB   LGB
0   2000  2000
15  1921  1884
30  1558  1435
45   987  1597
60  1165  1190
75  1620  1460
90  1138  1334

Feature importance sorted by XGB
          XGB       LGB
f15  0.069830  0.059463
f4   0.054078  0.071110
f25  0.053128  0.069901
f22  0.052381  0.071375
f12  0.051851  0.062084


{'n_train': 2000000, 'max_depth': 12}
training xgboost - cpu tree construction
XGBoost CPU: 407.740055084 seconds
training LightGBM
LightGBM: 37.5558269024 seconds

logloss train
         XGB       LGB
0   0.679138  0.679141
15  0.571009  0.571168
30  0.529148  0.527950
45  0.512285  0.510896
60  0.500235  0.500799
75  0.489073  0.485142
90  0.477227  0.476257

logloss valid
         XGB       LGB
0   0.680641  0.680640
15  0.587970  0.588038
30  0.555412  0.554461
45  0.543129  0.542252
60  0.534911  0.535573
75  0.528098  0.525841
90  0.521252  0.521952

Leaf counts
     XGB   LGB
0   3788  3786
15  3384  3336
30  2593  1926
45  1357  1712
60  1844  1360
75   997  2443
90  2889  2435

Feature importance sorted by XGB
          XGB       LGB
f15  0.062829  0.054417
f22  0.052707  0.070800
f4   0.052510  0.070141
f25  0.051235  0.065352
f12  0.050901  0.062422


{'n_train': 2000000, 'max_depth': 13}
training xgboost - cpu tree construction
XGBoost CPU: 448.238521099 seconds
training LightGBM
LightGBM: 49.8838009834 seconds

logloss train
         XGB       LGB
0   0.676636  0.676646
15  0.548727  0.549399
30  0.498935  0.498485
45  0.480093  0.477840
60  0.465263  0.464121
75  0.451246  0.450696
90  0.439906  0.440976

logloss valid
         XGB       LGB
0   0.678962  0.678958
15  0.575038  0.575012
30  0.539206  0.538352
45  0.526428  0.524488
60  0.516939  0.515944
75  0.510911  0.509963
90  0.505568  0.505982

Leaf counts
     XGB   LGB
0   6817  6806
15  5932  5873
30  3366  3556
45  2015  2631
60  5443  1601
75  3670  5315
90  1504  2104

Feature importance sorted by XGB
          XGB       LGB
f15  0.059390  0.050672
f4   0.051677  0.068648
f22  0.050965  0.068994
f12  0.049658  0.060885
f25  0.049463  0.062581


{'n_train': 2000000, 'max_depth': 14}
training xgboost - cpu tree construction
XGBoost CPU: 489.738988876 seconds
training LightGBM
LightGBM: 72.0484039783 seconds

logloss train
         XGB       LGB
0   0.673787  0.673813
15  0.524597  0.525000
30  0.466504  0.467549
45  0.445128  0.442630
60  0.431239  0.430489
75  0.417852  0.416521
90  0.399480  0.401772

logloss valid
         XGB       LGB
0   0.677364  0.677345
15  0.563181  0.563411
30  0.524753  0.525637
45  0.511262  0.510086
60  0.504074  0.504045
75  0.498603  0.498105
90  0.491864  0.493274

Leaf counts
      XGB    LGB
0   11519  11449
15   9745   9042
30   5518   8177
45   2807   5755
60   3252   1953
75   3246   3428
90   7263   3837

Feature importance sorted by XGB
          XGB       LGB
f15  0.054927  0.047764
f4   0.051278  0.067346
f22  0.050607  0.066134
f12  0.048990  0.060980
f25  0.048192  0.059637


{'n_train': 2000000, 'max_depth': 15}
training xgboost - cpu tree construction
XGBoost CPU: 533.015354872 seconds
training LightGBM
LightGBM: 118.204679012 seconds

logloss train
         XGB       LGB
0   0.670618  0.670676
15  0.497934  0.497376
30  0.429226  0.430863
45  0.404450  0.406524
60  0.391382  0.393344
75  0.373879  0.376790
90  0.357375  0.365812

logloss valid
         XGB       LGB
0   0.675772  0.675746
15  0.552420  0.552194
30  0.511335  0.512054
45  0.497273  0.497814
60  0.491005  0.492199
75  0.485334  0.487755
90  0.481139  0.484425

Leaf counts
      XGB    LGB
0   18228  18032
15  14898  14776
30   8644   9014
45   3203   3350
60   3233   3063
75   5478   7544
90   2443   4596

Feature importance sorted by XGB
          XGB       LGB
f15  0.051926  0.045563
f4   0.049953  0.066440
f22  0.049550  0.062930
f12  0.048243  0.060071
f25  0.046530  0.057199


{'n_train': 2000000, 'max_depth': 16}
training xgboost - cpu tree construction
XGBoost CPU: 574.456276894 seconds
training LightGBM
LightGBM: 235.795117855 seconds

logloss train
         XGB       LGB
0   0.667154  0.667255
15  0.469966  0.469164
30  0.394431  0.393222
45  0.366029  0.366812
60  0.355341  0.352011
75  0.341612  0.337881
90  0.322023  0.321490

logloss valid
         XGB       LGB
0   0.674298  0.674276
15  0.543329  0.542758
30  0.501496  0.500966
45  0.486443  0.486880
60  0.481883  0.482255
75  0.477536  0.478670
90  0.472758  0.474244

Leaf counts
      XGB    LGB
0   27100  26739
15  20260  20817
30  13322  12665
45   5298   3429
60   3651   8871
75   5460   8800
90  19832   5682

Feature importance sorted by XGB
          XGB       LGB
f15  0.049856  0.044115
f4   0.049151  0.064752
f22  0.048451  0.061113
f12  0.047618  0.058652
f25  0.045312  0.055106
                  Time(sec)              Ratio
                    XGB_CPU    LGB XGB_CPU/LGB
n_train max_depth                             
1000000 5              50.1    5.2         9.6
        10            111.3   13.6         8.2
        11            129.7   16.5         7.9
        12            127.2   22.2         5.7
        13            139.5   30.6         4.6
        14            159.8   45.8         3.5
        15            170.8   84.9         2.0
        16            192.1  166.4         1.2
2000000 5             163.4    9.7        16.9
        10            333.7   24.1        13.9
        11            377.7   32.2        11.7
        12            407.7   37.6        10.9
        13            448.2   49.9         9.0
        14            489.7   72.0         6.8
        15            533.0  118.2         4.5
        16            574.5  235.8         2.4

Done: 5691.58588099 seconds
