

{'n_train': 10000, 'max_depth': 5}
training XGBoost
[14:56:02] Tree method is selected to be 'hist', which uses a single updater grow_fast_histmaker.
hist_dw: 6.0004723072052 seconds
[14:56:08] Tree method is selected to be 'hist', which uses a single updater grow_fast_histmaker.
hist_lg: 5.951133489608765 seconds
hist_GPU: 0.9400815963745117 seconds
GPU: 4.0998194217681885 seconds
training LightGBM
LightGBM: 0.9589095115661621 seconds

binary_logloss train
     hist_dw   hist_lg  hist_GPU       GPU       LGB
0   0.682432  0.682432  0.682333  0.682643  0.682699
15  0.576276  0.576276  0.575555  0.572498  0.574117
30  0.507667  0.507667  0.506992  0.505662  0.507492
45  0.459715  0.459715  0.459862  0.460713  0.459770
60  0.419568  0.419568  0.421364  0.423493  0.420718
75  0.391072  0.391072  0.392308  0.394223  0.390219
90  0.364084  0.364084  0.365090  0.371072  0.363191

binary_logloss valid
     hist_dw   hist_lg  hist_GPU       GPU       LGB
0   0.686186  0.686186  0.685931  0.686606  0.686355
15  0.626329  0.626329  0.628234  0.628191  0.625734
30  0.593158  0.593158  0.593787  0.599060  0.595557
45  0.573848  0.573848  0.574528  0.579654  0.574009
60  0.559168  0.559168  0.561000  0.564674  0.558074
75  0.551261  0.551261  0.550550  0.555571  0.551070
90  0.542865  0.542865  0.542113  0.548317  0.541591

Leaf counts
    hist_dw  hist_lg  hist_GPU  GPU  LGB
0        32       32        32   32   32
15       32       32        31   32   32
30       32       32        32   29   31
45       28       28        32   19   30
60       18       18        31   30   32
75       30       30        30   32   31
90       25       25        28   31   32

Feature importance(gain) sorted by hist_dw
       hist_dw   hist_lg  hist_GPU       GPU       LGB
f164  0.013588  0.013588  0.013156  0.012416  0.034029
f171  0.011206  0.011206  0.012379  0.011227  0.019725
f177  0.010568  0.010568  0.010577  0.010259  0.016361
f131  0.008903  0.008903  0.007575  0.008436  0.013897
f243  0.008466  0.008466  0.008088  0.008129  0.014588


{'n_train': 10000, 'max_depth': 10}
training XGBoost
[14:56:20] Tree method is selected to be 'hist', which uses a single updater grow_fast_histmaker.
hist_dw: 43.18282699584961 seconds
[14:57:04] Tree method is selected to be 'hist', which uses a single updater grow_fast_histmaker.
hist_lg: 42.24252152442932 seconds
hist_GPU: 5.949520111083984 seconds
GPU: 8.246656656265259 seconds
training LightGBM
LightGBM: 6.3590662479400635 seconds

binary_logloss train
     hist_dw   hist_lg  hist_GPU       GPU       LGB
0   0.646610  0.646610  0.647836  0.646496  0.647427
15  0.288480  0.288480  0.289359  0.292181  0.289816
30  0.164202  0.164202  0.162512  0.167918  0.165909
45  0.104906  0.104906  0.104121  0.109951  0.105113
60  0.072168  0.072168  0.073740  0.077496  0.072263
75  0.052818  0.052818  0.054004  0.058118  0.052172
90  0.041096  0.041096  0.041172  0.043902  0.039855

binary_logloss valid
     hist_dw   hist_lg  hist_GPU       GPU       LGB
0   0.681762  0.681762  0.681343  0.683419  0.680801
15  0.600161  0.600161  0.591758  0.597518  0.599559
30  0.557118  0.557118  0.542657  0.557951  0.556742
45  0.530098  0.530098  0.515337  0.530119  0.530302
60  0.508345  0.508345  0.500831  0.509671  0.516509
75  0.493235  0.493235  0.488427  0.494482  0.502974
90  0.482769  0.482769  0.478739  0.483586  0.492010

Leaf counts
    hist_dw  hist_lg  hist_GPU  GPU  LGB
0       430      430       420  434  430
15      352      352       354  307  340
30      247      247       217  291  208
45      269      269       160  192  214
60      137      137       198  281  190
75      136      136       161  128  138
90      198      198       120  136  118

Feature importance(gain) sorted by hist_dw
       hist_dw   hist_lg  hist_GPU       GPU       LGB
f164  0.012487  0.012487  0.011651  0.012307  0.022283
f171  0.010305  0.010305  0.009895  0.010643  0.014825
f243  0.007568  0.007568  0.006937  0.006497  0.010242
f131  0.007096  0.007096  0.006491  0.006480  0.008504
f130  0.006889  0.006889  0.006985  0.006560  0.007682


{'n_train': 20000, 'max_depth': 5}
training XGBoost
[14:58:08] Tree method is selected to be 'hist', which uses a single updater grow_fast_histmaker.
hist_dw: 7.524719715118408 seconds
[14:58:16] Tree method is selected to be 'hist', which uses a single updater grow_fast_histmaker.
hist_lg: 7.617643356323242 seconds
hist_GPU: 0.9459457397460938 seconds
GPU: 8.503313541412354 seconds
training LightGBM
LightGBM: 1.379819393157959 seconds

binary_logloss train
     hist_dw   hist_lg  hist_GPU       GPU       LGB
0   0.683475  0.683475  0.683555  0.683230  0.683436
15  0.594456  0.594456  0.594561  0.593845  0.595108
30  0.539451  0.539451  0.536704  0.538548  0.537821
45  0.497146  0.497146  0.496703  0.496318  0.495832
60  0.462119  0.462119  0.462352  0.463622  0.460498
75  0.434539  0.434539  0.435361  0.436987  0.435131
90  0.411430  0.411430  0.413650  0.416606  0.412488

binary_logloss valid
     hist_dw   hist_lg  hist_GPU       GPU       LGB
0   0.684812  0.684812  0.685084  0.685214  0.685291
15  0.615267  0.615267  0.617955  0.616120  0.615929
30  0.579925  0.579925  0.579746  0.580756  0.578992
45  0.553531  0.553531  0.554378  0.555872  0.553124
60  0.532082  0.532082  0.533260  0.537666  0.531260
75  0.516808  0.516808  0.518455  0.522879  0.517402
90  0.504017  0.504017  0.507097  0.512994  0.505652

Leaf counts
    hist_dw  hist_lg  hist_GPU  GPU  LGB
0        32       32        32   32   32
15       32       32        32   32   32
30       32       32        32   32   32
45       31       31        32   32   32
60       30       30        32   29   32
75       31       31        31   32   32
90       29       29        30   32   28

Feature importance(gain) sorted by hist_dw
       hist_dw   hist_lg  hist_GPU       GPU       LGB
f182  0.018722  0.018722  0.020129  0.018580  0.051884
f42   0.017029  0.017029  0.013111  0.015276  0.027780
f148  0.012746  0.012746  0.012272  0.012662  0.035366
f201  0.011488  0.011488  0.012754  0.012555  0.022548
f178  0.009532  0.009532  0.008462  0.008614  0.021750


{'n_train': 20000, 'max_depth': 10}
training XGBoost
[14:58:34] Tree method is selected to be 'hist', which uses a single updater grow_fast_histmaker.
hist_dw: 61.03104209899902 seconds
[14:59:36] Tree method is selected to be 'hist', which uses a single updater grow_fast_histmaker.
hist_lg: 63.530555963516235 seconds
hist_GPU: 7.699105501174927 seconds
GPU: 18.19493341445923 seconds
training LightGBM
LightGBM: 9.704726219177246 seconds

binary_logloss train
     hist_dw   hist_lg  hist_GPU       GPU       LGB
0   0.654226  0.654226  0.653821  0.652791  0.653381
15  0.344715  0.344715  0.344210  0.345634  0.346048
30  0.217109  0.217109  0.219463  0.216609  0.218230
45  0.148671  0.148671  0.154073  0.151963  0.153428
60  0.108995  0.108995  0.111745  0.113789  0.111503
75  0.080817  0.080817  0.086774  0.088044  0.086944
90  0.063032  0.063032  0.069428  0.070403  0.066220

binary_logloss valid
     hist_dw   hist_lg  hist_GPU       GPU       LGB
0   0.677873  0.677873  0.679381  0.679286  0.679358
15  0.567089  0.567089  0.571740  0.571055  0.572336
30  0.513305  0.513305  0.521195  0.521385  0.518239
45  0.478101  0.478101  0.485318  0.486521  0.482535
60  0.454363  0.454363  0.458938  0.462367  0.454955
75  0.433059  0.433059  0.440414  0.444180  0.437058
90  0.416864  0.416864  0.424955  0.428193  0.421306

Leaf counts
    hist_dw  hist_lg  hist_GPU  GPU  LGB
0       609      609       601  619  599
15      420      420       440  447  440
30      331      331       314  356  343
45      277      277       249  366  319
60      286      286       313  269  249
75      308      308       136  200  154
90      170      170       221  387  381

Feature importance(gain) sorted by hist_dw
       hist_dw   hist_lg  hist_GPU       GPU       LGB
f182  0.014999  0.014999  0.016006  0.015754  0.029128
f42   0.010800  0.010800  0.011611  0.011493  0.016240
f148  0.010609  0.010609  0.009861  0.010324  0.018392
f201  0.008860  0.008860  0.008456  0.009367  0.012479
f53   0.007626  0.007626  0.006917  0.006958  0.011972


{'n_train': 40000, 'max_depth': 5}
training XGBoost
[15:01:17] Tree method is selected to be 'hist', which uses a single updater grow_fast_histmaker.
hist_dw: 9.324253797531128 seconds
[15:01:26] Tree method is selected to be 'hist', which uses a single updater grow_fast_histmaker.
hist_lg: 9.491204023361206 seconds
hist_GPU: 1.1558003425598145 seconds
GPU: 18.570733785629272 seconds
training LightGBM
LightGBM: 2.2555389404296875 seconds

binary_logloss train
     hist_dw   hist_lg  hist_GPU       GPU       LGB
0   0.685148  0.685148  0.685148  0.685051  0.685130
15  0.606040  0.606040  0.606573  0.605864  0.605918
30  0.555192  0.555192  0.556459  0.554460  0.554156
45  0.518367  0.518367  0.518357  0.516539  0.517089
60  0.490015  0.490015  0.488471  0.486612  0.488584
75  0.466917  0.466917  0.464746  0.463042  0.463244
90  0.445711  0.445711  0.445564  0.443773  0.444895

binary_logloss valid
     hist_dw   hist_lg  hist_GPU       GPU       LGB
0   0.686293  0.686293  0.686286  0.686429  0.686129
15  0.619591  0.619591  0.621066  0.620726  0.619733
30  0.579710  0.579710  0.581952  0.581048  0.578980
45  0.552107  0.552107  0.553283  0.553880  0.551533
60  0.532129  0.532129  0.532110  0.533025  0.532050
75  0.516421  0.516421  0.515931  0.517182  0.514845
90  0.502523  0.502523  0.503876  0.505096  0.503422

Leaf counts
    hist_dw  hist_lg  hist_GPU  GPU  LGB
0        32       32        32   32   32
15       32       32        32   32   32
30       32       32        32   32   32
45       32       32        32   32   32
60       32       32        32   32   32
75       32       32        32   32   32
90       31       31        29   27   32

Feature importance(gain) sorted by hist_dw
       hist_dw   hist_lg  hist_GPU       GPU       LGB
f53   0.024114  0.024114  0.023893  0.023553  0.042119
f49   0.013782  0.013782  0.010894  0.011877  0.013797
f205  0.012110  0.012110  0.012831  0.014272  0.025300
f216  0.011624  0.011624  0.011183  0.013069  0.025809
f2    0.011521  0.011521  0.012467  0.011894  0.025781


{'n_train': 40000, 'max_depth': 10}
training XGBoost
[15:01:58] Tree method is selected to be 'hist', which uses a single updater grow_fast_histmaker.
hist_dw: 83.75208187103271 seconds
[15:03:22] Tree method is selected to be 'hist', which uses a single updater grow_fast_histmaker.
hist_lg: 84.45684576034546 seconds
hist_GPU: 10.223018884658813 seconds
GPU: 39.1061909198761 seconds
training LightGBM
LightGBM: 14.899466276168823 seconds

binary_logloss train
     hist_dw   hist_lg  hist_GPU       GPU       LGB
0   0.662174  0.662174  0.662435  0.662356  0.662869
15  0.386718  0.386718  0.386655  0.384031  0.387708
30  0.260150  0.260150  0.262236  0.265280  0.264714
45  0.192785  0.192785  0.192608  0.192920  0.200191
60  0.149303  0.149303  0.150887  0.147149  0.154330
75  0.118523  0.118523  0.121627  0.118934  0.124947
90  0.097155  0.097155  0.100771  0.098372  0.103190

binary_logloss valid
     hist_dw   hist_lg  hist_GPU       GPU       LGB
0   0.678469  0.678469  0.678364  0.678296  0.678487
15  0.551678  0.551678  0.555529  0.554246  0.553630
30  0.486923  0.486923  0.492852  0.492382  0.491515
45  0.448421  0.448421  0.453537  0.453253  0.453778
60  0.421402  0.421402  0.427073  0.425061  0.424857
75  0.399638  0.399638  0.406996  0.405854  0.405177
90  0.383036  0.383036  0.390707  0.389372  0.387978

Leaf counts
    hist_dw  hist_lg  hist_GPU  GPU  LGB
0       722      722       708  718  700
15      614      614       527  697  672
30      546      546       708  503  668
45      489      489       513  498  347
60      436      436       324  465  396
75      259      259       293  365  435
90      332      332       197  361  234

Feature importance(gain) sorted by hist_dw
       hist_dw   hist_lg  hist_GPU       GPU       LGB
f53   0.014491  0.014491  0.015032  0.014075  0.022197
f205  0.009435  0.009435  0.009005  0.009227  0.015179
f2    0.008515  0.008515  0.008998  0.008791  0.013268
f216  0.008455  0.008455  0.008365  0.008963  0.014560
f75   0.008427  0.008427  0.007996  0.007931  0.013582


{'n_train': 80000, 'max_depth': 5}
training XGBoost
[15:05:54] Tree method is selected to be 'hist', which uses a single updater grow_fast_histmaker.
hist_dw: 12.057522535324097 seconds
[15:06:06] Tree method is selected to be 'hist', which uses a single updater grow_fast_histmaker.
hist_lg: 12.514340162277222 seconds
hist_GPU: 1.463470697402954 seconds
GPU: 38.26183605194092 seconds
training LightGBM
LightGBM: 3.7875008583068848 seconds

binary_logloss train
     hist_dw   hist_lg  hist_GPU       GPU       LGB
0   0.684616  0.684616  0.684630  0.684589  0.684660
15  0.610559  0.610559  0.611124  0.610506  0.610495
30  0.568687  0.568687  0.567816  0.567086  0.566580
45  0.537899  0.537899  0.538925  0.536994  0.538726
60  0.513081  0.513081  0.516365  0.512900  0.513921
75  0.492259  0.492259  0.496067  0.493295  0.492868
90  0.475396  0.475396  0.479143  0.476872  0.477649

binary_logloss valid
     hist_dw   hist_lg  hist_GPU       GPU       LGB
0   0.685589  0.685589  0.685528  0.685428  0.685494
15  0.619691  0.619691  0.619931  0.620053  0.619221
30  0.584596  0.584596  0.583341  0.583704  0.582078
45  0.559393  0.559393  0.560082  0.559969  0.559072
60  0.539567  0.539567  0.542735  0.541274  0.539555
75  0.523900  0.523900  0.527275  0.527102  0.523576
90  0.511093  0.511093  0.514547  0.514920  0.512760

Leaf counts
    hist_dw  hist_lg  hist_GPU  GPU  LGB
0        32       32        32   32   32
15       32       32        32   32   32
30       32       32        32   32   32
45       32       32        32   32   32
60       32       32        32   31   32
75       32       32        32   32   32
90       32       32        32   31   31

Feature importance(gain) sorted by hist_dw
       hist_dw   hist_lg  hist_GPU       GPU       LGB
f228  0.032409  0.032409  0.029823  0.040942  0.036522
f192  0.032408  0.032408  0.030627  0.027252  0.042556
f46   0.022266  0.022266  0.022690  0.024025  0.021637
f100  0.019629  0.019629  0.021015  0.020283  0.016929
f103  0.016008  0.016008  0.017817  0.015723  0.030246


{'n_train': 80000, 'max_depth': 10}
training XGBoost
[15:07:03] Tree method is selected to be 'hist', which uses a single updater grow_fast_histmaker.
hist_dw: 100.01945900917053 seconds
[15:08:43] Tree method is selected to be 'hist', which uses a single updater grow_fast_histmaker.
hist_lg: 109.25269222259521 seconds
hist_GPU: 11.535163402557373 seconds
GPU: 79.24862051010132 seconds
training LightGBM
LightGBM: 20.799015998840332 seconds

binary_logloss train
     hist_dw   hist_lg  hist_GPU       GPU       LGB
0   0.665900  0.665900  0.666189  0.666072  0.666306
15  0.429349  0.429349  0.430291  0.426059  0.430943
30  0.318541  0.318541  0.319490  0.318880  0.320769
45  0.257141  0.257141  0.261633  0.261111  0.259405
60  0.217958  0.217958  0.220545  0.219871  0.220785
75  0.192713  0.192713  0.193219  0.189849  0.193449
90  0.165319  0.165319  0.170135  0.169584  0.170922

binary_logloss valid
     hist_dw   hist_lg  hist_GPU       GPU       LGB
0   0.677475  0.677475  0.678021  0.677522  0.677574
15  0.547072  0.547072  0.548070  0.545911  0.547835
30  0.482745  0.482745  0.482842  0.484275  0.484159
45  0.443419  0.443419  0.446470  0.447003  0.446166
60  0.416751  0.416751  0.419574  0.419243  0.420412
75  0.399781  0.399781  0.399960  0.398053  0.400976
90  0.379926  0.379926  0.383287  0.382952  0.384759

Leaf counts
    hist_dw  hist_lg  hist_GPU  GPU  LGB
0       901      901       897  899  893
15      883      883       707  871  836
30      720      720       660  502  654
45      381      381       410  337  513
60      300      300       437  330  390
75      249      249       353  336  340
90      283      283       276  382  231

Feature importance(gain) sorted by hist_dw
       hist_dw   hist_lg  hist_GPU       GPU       LGB
f228  0.017764  0.017764  0.017944  0.018724  0.019337
f192  0.015288  0.015288  0.015796  0.015624  0.020107
f103  0.012896  0.012896  0.012811  0.012293  0.015761
f46   0.010722  0.010722  0.010439  0.011918  0.012768
f240  0.008808  0.008808  0.009040  0.008805  0.013714


{'n_train': 160000, 'max_depth': 5}
training XGBoost
[15:12:29] Tree method is selected to be 'hist', which uses a single updater grow_fast_histmaker.
hist_dw: 19.10953950881958 seconds
[15:12:48] Tree method is selected to be 'hist', which uses a single updater grow_fast_histmaker.
hist_lg: 18.509318351745605 seconds
hist_GPU: 2.1685872077941895 seconds
GPU: 76.94416546821594 seconds
training LightGBM
LightGBM: 7.090773344039917 seconds

binary_logloss train
     hist_dw   hist_lg  hist_GPU       GPU       LGB
0   0.685543  0.685543  0.685544  0.685486  0.685535
15  0.617318  0.617318  0.617008  0.615848  0.616454
30  0.576882  0.576882  0.576409  0.574849  0.575518
45  0.546048  0.546048  0.544853  0.545050  0.544437
60  0.522374  0.522374  0.521090  0.521622  0.521256
75  0.504590  0.504590  0.501673  0.502993  0.503527
90  0.488070  0.488070  0.485196  0.486444  0.486703

binary_logloss valid
     hist_dw   hist_lg  hist_GPU       GPU       LGB
0   0.685847  0.685847  0.685823  0.685826  0.685824
15  0.621507  0.621507  0.621176  0.620335  0.620646
30  0.584390  0.584390  0.583956  0.583155  0.583320
45  0.557239  0.557239  0.555689  0.556433  0.555037
60  0.536254  0.536254  0.534862  0.536105  0.534709
75  0.520852  0.520852  0.517586  0.520021  0.519524
90  0.506419  0.506419  0.503577  0.505388  0.504688

Leaf counts
    hist_dw  hist_lg  hist_GPU  GPU  LGB
0        32       32        32   32   32
15       32       32        32   32   32
30       32       32        32   32   32
45       32       32        32   32   32
60       32       32        32   32   32
75       32       32        32   32   32
90       32       32        32   32   32

Feature importance(gain) sorted by hist_dw
       hist_dw   hist_lg  hist_GPU       GPU       LGB
f212  0.029556  0.029556  0.029025  0.031046  0.049912
f27   0.018320  0.018320  0.021936  0.018064  0.020950
f165  0.017738  0.017738  0.015910  0.017251  0.022302
f231  0.016156  0.016156  0.013084  0.014397  0.020796
f198  0.015894  0.015894  0.014710  0.016735  0.016037


{'n_train': 160000, 'max_depth': 10}
training XGBoost
[15:14:33] Tree method is selected to be 'hist', which uses a single updater grow_fast_histmaker.
hist_dw: 140.89896512031555 seconds
[15:16:55] Tree method is selected to be 'hist', which uses a single updater grow_fast_histmaker.
hist_lg: 134.54689502716064 seconds
hist_GPU: 15.090920448303223 seconds
GPU: 162.90093851089478 seconds
training LightGBM
LightGBM: 33.94645118713379 seconds

binary_logloss train
     hist_dw   hist_lg  hist_GPU       GPU       LGB
0   0.669941  0.669941  0.669885  0.669726  0.669837
15  0.466609  0.466609  0.465197  0.465632  0.465908
30  0.367118  0.367118  0.363601  0.364384  0.364181
45  0.307745  0.307745  0.303114  0.303270  0.302834
60  0.264217  0.264217  0.260718  0.264463  0.261394
75  0.228928  0.228928  0.230375  0.231658  0.230611
90  0.204317  0.204317  0.206259  0.206714  0.204719

binary_logloss valid
     hist_dw   hist_lg  hist_GPU       GPU       LGB
0   0.676421  0.676421  0.676265  0.676677  0.676460
15  0.538177  0.538177  0.536606  0.538544  0.537269
30  0.470179  0.470179  0.469016  0.471196  0.467745
45  0.429377  0.429377  0.426718  0.429032  0.425505
60  0.398937  0.398937  0.396966  0.401747  0.396531
75  0.375104  0.375104  0.375029  0.377210  0.374589
90  0.356908  0.356908  0.357706  0.358911  0.355825

Leaf counts
    hist_dw  hist_lg  hist_GPU  GPU  LGB
0       984      984       984  983  989
15      862      862       854  926  942
30      696      696       757  499  598
45      706      706       644  622  621
60      800      800       530  396  480
75      448      448       509  600  638
90      492      492       623  531  642

Feature importance(gain) sorted by hist_dw
       hist_dw   hist_lg  hist_GPU       GPU       LGB
f212  0.019610  0.019610  0.018275  0.018536  0.026155
f27   0.010804  0.010804  0.011384  0.011279  0.010875
f126  0.010672  0.010672  0.010376  0.010520  0.011413
f165  0.010329  0.010329  0.010538  0.010410  0.013858
f125  0.010128  0.010128  0.009982  0.010242  0.016429


{'n_train': 320000, 'max_depth': 5}
training XGBoost
[15:22:49] Tree method is selected to be 'hist', which uses a single updater grow_fast_histmaker.
hist_dw: 31.36367106437683 seconds
[15:23:20] Tree method is selected to be 'hist', which uses a single updater grow_fast_histmaker.
hist_lg: 26.558939695358276 seconds
hist_GPU: 3.622912645339966 seconds
GPU: 163.60795402526855 seconds
training LightGBM
LightGBM: 13.614979982376099 seconds

binary_logloss train
     hist_dw   hist_lg  hist_GPU       GPU       LGB
0   0.686182  0.686182  0.686327  0.686306  0.686179
15  0.622022  0.622022  0.621825  0.621483  0.621403
30  0.580996  0.580996  0.581733  0.580655  0.581879
45  0.552312  0.552312  0.551649  0.552219  0.552957
60  0.530488  0.530488  0.529882  0.530283  0.529266
75  0.511745  0.511745  0.512335  0.511864  0.510607
90  0.497652  0.497652  0.496442  0.496485  0.495306

binary_logloss valid
     hist_dw   hist_lg  hist_GPU       GPU       LGB
0   0.686435  0.686435  0.686573  0.686571  0.686452
15  0.625094  0.625094  0.625069  0.625049  0.624471
30  0.586065  0.586065  0.586848  0.586437  0.586821
45  0.559118  0.559118  0.558565  0.559797  0.559740
60  0.538768  0.538768  0.538428  0.539606  0.537743
75  0.521616  0.521616  0.522363  0.522990  0.520652
90  0.509031  0.509031  0.508072  0.509319  0.506819

Leaf counts
    hist_dw  hist_lg  hist_GPU  GPU  LGB
0        32       32        32   32   32
15       32       32        32   32   32
30       32       32        32   32   32
45       32       32        32   32   32
60       32       32        32   32   32
75       32       32        32   32   32
90       32       32        32   32   32

Feature importance(gain) sorted by hist_dw
       hist_dw   hist_lg  hist_GPU       GPU       LGB
f176  0.029511  0.029511  0.032252  0.030353  0.057467
f165  0.018489  0.018489  0.018113  0.018967  0.035005
f192  0.018188  0.018188  0.018898  0.017993  0.022270
f40   0.016970  0.016970  0.018422  0.017417  0.024786
f86   0.016861  0.016861  0.017381  0.014395  0.011837


{'n_train': 320000, 'max_depth': 10}
training XGBoost
[15:26:49] Tree method is selected to be 'hist', which uses a single updater grow_fast_histmaker.
hist_dw: 178.7881965637207 seconds
[15:29:48] Tree method is selected to be 'hist', which uses a single updater grow_fast_histmaker.
hist_lg: 165.02320051193237 seconds
hist_GPU: 18.639216899871826 seconds
GPU: 344.3552324771881 seconds
training LightGBM
LightGBM: 56.02794528007507 seconds

binary_logloss train
     hist_dw   hist_lg  hist_GPU       GPU       LGB
0   0.673949  0.673949  0.673998  0.674128  0.674074
15  0.496603  0.496603  0.498326  0.496801  0.497325
30  0.404103  0.404103  0.404831  0.405415  0.403897
45  0.345642  0.345642  0.343729  0.344243  0.346130
60  0.303562  0.303562  0.303590  0.302112  0.304206
75  0.272006  0.272006  0.272878  0.273106  0.272890
90  0.249993  0.249993  0.247941  0.249818  0.248136

binary_logloss valid
     hist_dw   hist_lg  hist_GPU       GPU       LGB
0   0.677862  0.677862  0.677799  0.678027  0.677858
15  0.540946  0.540946  0.542011  0.542978  0.541515
30  0.471163  0.471163  0.471759  0.474169  0.470737
45  0.427110  0.427110  0.425640  0.428334  0.427475
60  0.395404  0.395404  0.395871  0.397014  0.396905
75  0.372483  0.372483  0.373141  0.375948  0.373771
90  0.355669  0.355669  0.354605  0.358879  0.354740

Leaf counts
    hist_dw  hist_lg  hist_GPU  GPU   LGB
0      1010     1010      1014  998  1006
15      938      938       912  943   975
30      861      861       842  811   861
45      703      703       839  832   750
60      792      792       764  839   599
75      582      582       803  501   655
90      671      671       678  319   571

Feature importance(gain) sorted by hist_dw
       hist_dw   hist_lg  hist_GPU       GPU       LGB
f176  0.025378  0.025378  0.026504  0.026340  0.028999
f165  0.013333  0.013333  0.014062  0.014131  0.018808
f40   0.013247  0.013247  0.013008  0.012445  0.014208
f192  0.011747  0.011747  0.012032  0.012621  0.012785
f162  0.010827  0.010827  0.010768  0.010362  0.016443


{'n_train': 640000, 'max_depth': 5}
training XGBoost
[15:39:46] Tree method is selected to be 'hist', which uses a single updater grow_fast_histmaker.
hist_dw: 43.97427582740784 seconds
[15:40:30] Tree method is selected to be 'hist', which uses a single updater grow_fast_histmaker.
hist_lg: 44.564268350601196 seconds
hist_GPU: 6.293433427810669 seconds
GPU: 374.72185945510864 seconds
training LightGBM
LightGBM: 26.857173681259155 seconds

binary_logloss train
     hist_dw   hist_lg  hist_GPU       GPU       LGB
0   0.685816  0.685816  0.685817  0.685805  0.685781
15  0.618297  0.618297  0.617801  0.618244  0.618197
30  0.578508  0.578508  0.578638  0.580164  0.578575
45  0.551176  0.551176  0.551631  0.552284  0.552819
60  0.530662  0.530662  0.529302  0.530768  0.531499
75  0.513416  0.513416  0.511769  0.513832  0.513060
90  0.499105  0.499105  0.498246  0.498955  0.497248

binary_logloss valid
     hist_dw   hist_lg  hist_GPU       GPU       LGB
0   0.685913  0.685913  0.685967  0.685917  0.685906
15  0.619205  0.619205  0.619100  0.619563  0.619346
30  0.580737  0.580737  0.581128  0.582732  0.581091
45  0.554426  0.554426  0.555350  0.555818  0.556499
60  0.534953  0.534953  0.533975  0.535300  0.536163
75  0.518677  0.518677  0.517312  0.519538  0.518760
90  0.505423  0.505423  0.504582  0.505751  0.503853

Leaf counts
    hist_dw  hist_lg  hist_GPU  GPU  LGB
0        32       32        32   32   32
15       32       32        32   32   32
30       32       32        32   32   32
45       32       32        32   32   32
60       32       32        32   32   32
75       32       32        32   32   32
90       32       32        32   32   32

Feature importance(gain) sorted by hist_dw
       hist_dw   hist_lg  hist_GPU       GPU       LGB
f151  0.031843  0.031843  0.026852  0.031738  0.057517
f3    0.024794  0.024794  0.024770  0.022083  0.037474
f189  0.019534  0.019534  0.022940  0.020215  0.022784
f91   0.019459  0.019459  0.022998  0.020932  0.026288
f75   0.018368  0.018368  0.017100  0.017793  0.033637


{'n_train': 640000, 'max_depth': 10}
training XGBoost
[15:48:04] Tree method is selected to be 'hist', which uses a single updater grow_fast_histmaker.
hist_dw: 210.6441683769226 seconds
[15:51:35] Tree method is selected to be 'hist', which uses a single updater grow_fast_histmaker.
hist_lg: 206.6974446773529 seconds
hist_GPU: 23.741220474243164 seconds
GPU: 776.5962414741516 seconds
training LightGBM
LightGBM: 91.57425117492676 seconds

binary_logloss train
     hist_dw   hist_lg  hist_GPU       GPU       LGB
0   0.674424  0.674424  0.674503  0.674301  0.674381
15  0.507471  0.507471  0.507806  0.505647  0.508522
30  0.426427  0.426427  0.424413  0.421478  0.424072
45  0.371086  0.371086  0.370288  0.365847  0.370683
60  0.333248  0.333248  0.334670  0.329660  0.332141
75  0.305945  0.305945  0.302530  0.301393  0.303457
90  0.281774  0.281774  0.280042  0.277997  0.279309

binary_logloss valid
     hist_dw   hist_lg  hist_GPU       GPU       LGB
0   0.676532  0.676532  0.676622  0.676484  0.676282
15  0.531508  0.531508  0.532007  0.531102  0.531833
30  0.463642  0.463642  0.462462  0.460724  0.460834
45  0.418126  0.418126  0.417652  0.415459  0.417384
60  0.387823  0.387823  0.389554  0.386494  0.385902
75  0.366118  0.366118  0.363684  0.364234  0.362439
90  0.346442  0.346442  0.345684  0.345409  0.343355

Leaf counts
    hist_dw  hist_lg  hist_GPU   GPU   LGB
0      1009     1009      1011  1006  1020
15     1003     1003       966   986   994
30      881      881       958   874   752
45      823      823       826   928   923
60      758      758       895   599   759
75      884      884       681   832   764
90      618      618       790   652   771

Feature importance(gain) sorted by hist_dw
       hist_dw   hist_lg  hist_GPU       GPU       LGB
f151  0.028390  0.028390  0.026257  0.027291  0.029592
f3    0.023298  0.023298  0.023660  0.023440  0.020642
f75   0.015859  0.015859  0.015251  0.015565  0.018934
f91   0.014502  0.014502  0.014169  0.015021  0.013794
f231  0.013012  0.013012  0.013398  0.012703  0.013445


                  Time(sec)                                     Ratio  \
                    hist_dw hist_lg hist_GPU    GPU   LGB hist_dw/LGB   
n_train max_depth                                                       
10000   5               6.0     6.0      0.9    4.1   1.0         6.3   
        10             43.2    42.2      5.9    8.2   6.4         6.8   
20000   5               7.5     7.6      0.9    8.5   1.4         5.5   
        10             61.0    63.5      7.7   18.2   9.7         6.3   
40000   5               9.3     9.5      1.2   18.6   2.3         4.1   
        10             83.8    84.5     10.2   39.1  14.9         5.6   
80000   5              12.1    12.5      1.5   38.3   3.8         3.2   
        10            100.0   109.3     11.5   79.2  20.8         4.8   
160000  5              19.1    18.5      2.2   76.9   7.1         2.7   
        10            140.9   134.5     15.1  162.9  33.9         4.2   
320000  5              31.4    26.6      3.6  163.6  13.6         2.3   
        10            178.8   165.0     18.6  344.4  56.0         3.2   
640000  5              44.0    44.6      6.3  374.7  26.9         1.6   
        10            210.6   206.7     23.7  776.6  91.6         2.3   

                                                    
                  hist_lg/LGB hist_GPU/LGB GPU/LGB  
n_train max_depth                                   
10000   5                 6.2          1.0     4.3  
        10                6.6          0.9     1.3  
20000   5                 5.5          0.7     6.2  
        10                6.5          0.8     1.9  
40000   5                 4.2          0.5     8.2  
        10                5.7          0.7     2.6  
80000   5                 3.3          0.4    10.1  
        10                5.3          0.6     3.8  
160000  5                 2.6          0.3    10.9  
        10                4.0          0.4     4.8  
320000  5                 2.0          0.3    12.0  
        10                2.9          0.3     6.1  
640000  5                 1.7          0.2    14.0  
        10                2.3          0.3     8.5  

Logloss
                   hist_dw  hist_lg  hist_GPU      GPU      LGB  hist_lg-LGB
n_train max_depth                                                           
10000   5          0.53911  0.53911   0.53822  0.54564  0.53780      0.00131
        10         0.47608  0.47608   0.47249  0.47945  0.48651     -0.01044
20000   5          0.49771  0.49771   0.50148  0.50566  0.49986     -0.00215
        10         0.40974  0.40974   0.41694  0.42189  0.41443     -0.00469
40000   5          0.49625  0.49625   0.49621  0.49787  0.49582      0.00043
        10         0.37420  0.37420   0.38280  0.38021  0.37856     -0.00436
80000   5          0.50465  0.50465   0.50723  0.50824  0.50578     -0.00113
        10         0.37047  0.37047   0.37348  0.37458  0.37506     -0.00459
160000  5          0.49950  0.49950   0.49611  0.49876  0.49913      0.00037
        10         0.34682  0.34682   0.34887  0.35071  0.34703     -0.00021
320000  5          0.50055  0.50055   0.50006  0.50148  0.49925      0.00129
        10         0.34555  0.34555   0.34589  0.34804  0.34567     -0.00012
640000  5          0.49771  0.49771   0.49666  0.49778  0.49727      0.00044
        10         0.33634  0.33634   0.33521  0.33614  0.33437      0.00197

Done: 4435.7 seconds
