

{'n_train': 500000, 'max_depth': 5}
training XGBoost
hist_dw: 5.3568336963653564 seconds
hist_lg: 5.151794195175171 seconds
hist_GPU: 2.3188629150390625 seconds
GPU: 32.69603943824768 seconds
training LightGBM
LightGBM: 3.162930727005005 seconds

binary_logloss train
     hist_dw   hist_lg  hist_GPU       GPU       LGB
0   0.675223  0.675223  0.675223  0.675191  0.675160
15  0.538657  0.538657  0.538656  0.536597  0.533696
30  0.489796  0.489796  0.489801  0.493034  0.485088
45  0.461254  0.461254  0.461836  0.462322  0.459268
60  0.443328  0.443328  0.442202  0.442771  0.440889
75  0.422786  0.422786  0.427523  0.425477  0.425669
90  0.407351  0.407351  0.412918  0.413267  0.414532

binary_logloss valid
     hist_dw   hist_lg  hist_GPU       GPU       LGB
0   0.675327  0.675327  0.675327  0.675299  0.675253
15  0.540042  0.540042  0.540039  0.538473  0.535046
30  0.491851  0.491851  0.491845  0.495559  0.487140
45  0.463598  0.463598  0.464214  0.465404  0.461663
60  0.446067  0.446067  0.444948  0.446256  0.443550
75  0.426136  0.426136  0.430856  0.429533  0.428770
90  0.411187  0.411187  0.416826  0.417798  0.418111

Leaf counts
    hist_dw  hist_lg  hist_GPU  GPU  LGB
0        32       32        32   32   32
15       32       32        32   32   32
30       32       32        32   32   32
45       32       32        32   32   31
60       30       30        29   31   32
75       30       30        30   32   31
90       30       30        32   32   32

Feature importance(gain) sorted by hist_dw
      hist_dw   hist_lg  hist_GPU       GPU       LGB
f21  0.132040  0.132040  0.096144  0.127435  0.149530
f5   0.077436  0.077436  0.045112  0.081883  0.047049
f1   0.074794  0.074794  0.080589  0.071211  0.053112
f7   0.069091  0.069091  0.065000  0.063886  0.103068
f30  0.068708  0.068708  0.024837  0.063790  0.035109


{'n_train': 500000, 'max_depth': 10}
training XGBoost
hist_dw: 15.8612220287323 seconds
hist_lg: 15.87540602684021 seconds
hist_GPU: 3.3720004558563232 seconds
GPU: 64.96863961219788 seconds
training LightGBM
LightGBM: 8.244169473648071 seconds

binary_logloss train
     hist_dw   hist_lg  hist_GPU       GPU       LGB
0   0.651639  0.651639  0.651642  0.651613  0.652088
15  0.390788  0.390788  0.391844  0.390985  0.393005
30  0.324340  0.324340  0.324843  0.324399  0.328099
45  0.296892  0.296892  0.297552  0.289630  0.293994
60  0.274448  0.274448  0.277466  0.271698  0.274428
75  0.257760  0.257760  0.257667  0.257845  0.256038
90  0.244864  0.244864  0.241787  0.246034  0.246818

binary_logloss valid
     hist_dw   hist_lg  hist_GPU       GPU       LGB
0   0.652533  0.652533  0.652545  0.652679  0.653008
15  0.401175  0.401175  0.402257  0.402273  0.403120
30  0.340391  0.340391  0.340548  0.341669  0.343387
45  0.316944  0.316944  0.317194  0.311990  0.313736
60  0.298326  0.298326  0.300327  0.297392  0.297549
75  0.285349  0.285349  0.284908  0.287060  0.283036
90  0.276250  0.276250  0.273628  0.278940  0.276687

Leaf counts
    hist_dw  hist_lg  hist_GPU  GPU  LGB
0       852      852       847  836  845
15      745      745       814  759  796
30      521      521       464  516  515
45      413      413       261  791  434
60      723      723       408  570  474
75      172      172       186  535  504
90      342      342       384  372  479

Feature importance(gain) sorted by hist_dw
      hist_dw   hist_lg  hist_GPU       GPU       LGB
f21  0.129117  0.129117  0.082699  0.129604  0.121056
f9   0.069491  0.069491  0.059709  0.069124  0.070996
f7   0.063594  0.063594  0.062982  0.065873  0.087385
f30  0.063405  0.063405  0.032380  0.059461  0.045920
f31  0.062961  0.062961  0.070186  0.063052  0.076170


{'n_train': 500000, 'max_depth': 15}
training XGBoost
hist_dw: 52.63048052787781 seconds
hist_lg: 52.00456786155701 seconds
hist_GPU: 18.552217721939087 seconds
GPU: 103.40645956993103 seconds
training LightGBM
LightGBM: 30.59313464164734 seconds

binary_logloss train
     hist_dw   hist_lg  hist_GPU       GPU       LGB
0   0.633882  0.633882  0.633939  0.633625  0.634648
15  0.281393  0.281393  0.283660  0.279298  0.281791
30  0.188958  0.188958  0.189415  0.187293  0.188720
45  0.161164  0.161164  0.157839  0.157437  0.160182
60  0.146568  0.146568  0.144136  0.147866  0.144988
75  0.134437  0.134437  0.130264  0.136176  0.134832
90  0.117677  0.117677  0.119148  0.124755  0.125212

binary_logloss valid
     hist_dw   hist_lg  hist_GPU       GPU       LGB
0   0.639428  0.639428  0.639454  0.639471  0.639507
15  0.331964  0.331964  0.333457  0.332404  0.331936
30  0.264912  0.264912  0.265397  0.265577  0.264538
45  0.247136  0.247136  0.245433  0.247366  0.246499
60  0.239228  0.239228  0.238060  0.242682  0.238606
75  0.235107  0.235107  0.233837  0.238192  0.235630
90  0.231170  0.231170  0.231184  0.234744  0.233538

Leaf counts
    hist_dw  hist_lg  hist_GPU   GPU   LGB
0      6423     6423      6315  6323  6266
15     5409     5409      5319  6109  6146
30     3025     3025      2782  3429  3363
45     1478     1478      1819  1950  1600
60     1396     1396      3098   882  4163
75     1126     1126      1451  4254  1955
90     2916     2916      1375   575   870

Feature importance(gain) sorted by hist_dw
      hist_dw   hist_lg  hist_GPU       GPU       LGB
f21  0.106565  0.106565  0.057223  0.107480  0.106201
f9   0.064596  0.064596  0.054394  0.062665  0.063023
f31  0.063228  0.063228  0.061509  0.065742  0.074211
f30  0.057364  0.057364  0.032654  0.056068  0.047256
f7   0.057057  0.057057  0.060689  0.057683  0.072451


{'n_train': 1000000, 'max_depth': 5}
training XGBoost
hist_dw: 10.590780019760132 seconds
hist_lg: 10.219239950180054 seconds
hist_GPU: 4.138963937759399 seconds
GPU: 78.65663242340088 seconds
training LightGBM
LightGBM: 6.673712968826294 seconds

binary_logloss train
     hist_dw   hist_lg  hist_GPU       GPU       LGB
0   0.670712  0.670712  0.670712  0.670660  0.670776
15  0.519764  0.519764  0.519763  0.517748  0.518827
30  0.465616  0.465616  0.465616  0.462437  0.463340
45  0.437321  0.437321  0.437321  0.434855  0.435618
60  0.416064  0.416064  0.416064  0.415429  0.415145
75  0.401604  0.401604  0.401605  0.399301  0.398784
90  0.387141  0.387141  0.386714  0.387958  0.389280

binary_logloss valid
     hist_dw   hist_lg  hist_GPU       GPU       LGB
0   0.670815  0.670815  0.670815  0.670760  0.670858
15  0.520467  0.520467  0.520465  0.518433  0.519242
30  0.466785  0.466785  0.466783  0.463768  0.464338
45  0.439002  0.439002  0.439000  0.436756  0.437104
60  0.418094  0.418094  0.418091  0.417817  0.417032
75  0.403941  0.403941  0.403938  0.402107  0.400985
90  0.389714  0.389714  0.389287  0.391019  0.391722

Leaf counts
    hist_dw  hist_lg  hist_GPU  GPU  LGB
0        32       32        32   32   32
15       32       32        32   32   32
30       32       32        32   32   32
45       32       32        32   32   32
60       32       32        32   32   32
75       32       32        32   32   32
90       29       29        29   32   32

Feature importance(gain) sorted by hist_dw
      hist_dw   hist_lg  hist_GPU       GPU       LGB
f23  0.145318  0.145318  0.058027  0.152380  0.140274
f15  0.116695  0.116695  0.144145  0.115084  0.126668
f27  0.095922  0.095922  0.140323  0.094646  0.073057
f26  0.080331  0.080331  0.078021  0.079643  0.086471
f12  0.073030  0.073030  0.044187  0.075936  0.061237


{'n_train': 1000000, 'max_depth': 10}
training XGBoost
hist_dw: 26.15498638153076 seconds
hist_lg: 25.638511657714844 seconds
hist_GPU: 6.097582101821899 seconds
GPU: 167.62828993797302 seconds
training LightGBM
LightGBM: 17.705339431762695 seconds

binary_logloss train
     hist_dw   hist_lg  hist_GPU       GPU       LGB
0   0.651142  0.651142  0.651143  0.651102  0.651231
15  0.383524  0.383524  0.383905  0.381912  0.383752
30  0.308016  0.308016  0.308999  0.305014  0.306236
45  0.274393  0.274393  0.277189  0.272425  0.275371
60  0.258309  0.258309  0.259730  0.254291  0.257081
75  0.246340  0.246340  0.246689  0.242400  0.244851
90  0.234777  0.234777  0.234961  0.232372  0.231224

binary_logloss valid
     hist_dw   hist_lg  hist_GPU       GPU       LGB
0   0.651907  0.651907  0.651909  0.651926  0.652022
15  0.391024  0.391024  0.391267  0.390088  0.391122
30  0.320003  0.320003  0.320940  0.318358  0.318311
45  0.289681  0.289681  0.292105  0.289157  0.290509
60  0.275817  0.275817  0.277126  0.273720  0.274594
75  0.265776  0.265776  0.266111  0.264055  0.264428
90  0.256561  0.256561  0.256781  0.256038  0.253411

Leaf counts
    hist_dw  hist_lg  hist_GPU  GPU  LGB
0       921      921       920  915  927
15      887      887       865  932  885
30      853      853       870  876  829
45      605      605       367  713  618
60      606      606       534  710  542
75      807      807       407  659  851
90      524      524       690  632  894

Feature importance(gain) sorted by hist_dw
      hist_dw   hist_lg  hist_GPU       GPU       LGB
f23  0.118859  0.118859  0.051450  0.123423  0.109258
f15  0.109684  0.109684  0.098398  0.107457  0.098927
f27  0.091682  0.091682  0.104598  0.088888  0.059045
f26  0.079292  0.079292  0.078016  0.079056  0.071632
f12  0.062056  0.062056  0.073279  0.063740  0.052067


{'n_train': 1000000, 'max_depth': 15}
training XGBoost
hist_dw: 89.0024836063385 seconds
hist_lg: 87.09052467346191 seconds
hist_GPU: 23.09862780570984 seconds
GPU: 256.77550053596497 seconds
training LightGBM
LightGBM: 58.38995909690857 seconds

binary_logloss train
     hist_dw   hist_lg  hist_GPU       GPU       LGB
0   0.634418  0.634418  0.634443  0.634273  0.634789
15  0.277973  0.277973  0.277635  0.275242  0.276174
30  0.187036  0.187036  0.186226  0.185253  0.187722
45  0.151796  0.151796  0.150650  0.147993  0.150459
60  0.135743  0.135743  0.136828  0.132270  0.133803
75  0.126092  0.126092  0.123776  0.124072  0.125480
90  0.114368  0.114368  0.114509  0.119755  0.113632

binary_logloss valid
     hist_dw   hist_lg  hist_GPU       GPU       LGB
0   0.638379  0.638379  0.638354  0.638483  0.638542
15  0.317402  0.317402  0.317562  0.316774  0.315767
30  0.247397  0.247397  0.247376  0.247661  0.247556
45  0.225187  0.225187  0.224976  0.224404  0.224330
60  0.216443  0.216443  0.217281  0.215630  0.215545
75  0.213225  0.213225  0.212738  0.212305  0.212755
90  0.209711  0.209711  0.210315  0.211289  0.209376

Leaf counts
    hist_dw  hist_lg  hist_GPU   GPU   LGB
0      9049     9049      8942  8747  8707
15     7866     7866      7928  8399  9320
30     6273     6273      6034  5534  5749
45     3104     3104      3614  5815  4545
60     1795     1795      1415  3900   759
75     3364     3364      2146   559   750
90     2919     2919      2469  1938  3488

Feature importance(gain) sorted by hist_dw
      hist_dw   hist_lg  hist_GPU       GPU       LGB
f23  0.105758  0.105758  0.048211  0.107391  0.096786
f15  0.094531  0.094531  0.075294  0.092491  0.089275
f27  0.075284  0.075284  0.079042  0.074214  0.052778
f26  0.064339  0.064339  0.072394  0.065948  0.060602
f12  0.056060  0.056060  0.069734  0.055898  0.052246


{'n_train': 2000000, 'max_depth': 5}
training XGBoost
hist_dw: 19.297266006469727 seconds
hist_lg: 19.86880922317505 seconds
hist_GPU: 8.124097108840942 seconds
GPU: 201.21975255012512 seconds
training LightGBM
LightGBM: 13.520190954208374 seconds

binary_logloss train
     hist_dw   hist_lg  hist_GPU       GPU       LGB
0   0.668197  0.668197  0.668197  0.668203  0.668711
15  0.502499  0.502499  0.500886  0.504056  0.505736
30  0.458417  0.458417  0.453137  0.455658  0.455093
45  0.428591  0.428591  0.429762  0.430887  0.431880
60  0.412420  0.412420  0.411908  0.411730  0.413583
75  0.397671  0.397671  0.399609  0.400520  0.398088
90  0.387534  0.387534  0.388219  0.386594  0.387338

binary_logloss valid
     hist_dw   hist_lg  hist_GPU       GPU       LGB
0   0.668257  0.668257  0.668257  0.668277  0.668763
15  0.503355  0.503355  0.501683  0.505170  0.506735
30  0.459662  0.459662  0.454499  0.457301  0.456596
45  0.430273  0.430273  0.431495  0.432862  0.433738
60  0.414352  0.414352  0.413888  0.413981  0.415693
75  0.399917  0.399917  0.401878  0.403053  0.400369
90  0.389928  0.389928  0.390701  0.389264  0.389771

Leaf counts
    hist_dw  hist_lg  hist_GPU  GPU  LGB
0        32       32        32   32   32
15       32       32        32   32   32
30       32       32        32   32   32
45       32       32        32   32   32
60       32       32        32   31   32
75       31       31        31   32   32
90       27       27        32   32   32

Feature importance(gain) sorted by hist_dw
      hist_dw   hist_lg  hist_GPU       GPU       LGB
f3   0.132506  0.132506  0.132519  0.134757  0.133546
f29  0.096810  0.096810  0.080356  0.094595  0.101100
f16  0.089042  0.089042  0.069902  0.087491  0.079767
f31  0.081461  0.081461  0.093838  0.070457  0.037353
f12  0.069586  0.069586  0.106837  0.070810  0.060888


{'n_train': 2000000, 'max_depth': 10}
training XGBoost
hist_dw: 42.023929595947266 seconds
hist_lg: 41.587799310684204 seconds
hist_GPU: 11.833457469940186 seconds
GPU: 446.2259840965271 seconds
training LightGBM
LightGBM: 34.024375438690186 seconds

binary_logloss train
     hist_dw   hist_lg  hist_GPU       GPU       LGB
0   0.648192  0.648192  0.648193  0.648014  0.647072
15  0.364879  0.364879  0.364404  0.364606  0.365230
30  0.291926  0.291926  0.291860  0.289583  0.289896
45  0.270327  0.270327  0.267316  0.265371  0.265259
60  0.251356  0.251356  0.251986  0.252322  0.253295
75  0.239048  0.239048  0.237873  0.239627  0.237270
90  0.223576  0.223576  0.224886  0.226735  0.224720

binary_logloss valid
     hist_dw   hist_lg  hist_GPU       GPU       LGB
0   0.648686  0.648686  0.648685  0.648568  0.647602
15  0.370408  0.370408  0.369906  0.370764  0.370562
30  0.300284  0.300284  0.300105  0.298902  0.298126
45  0.280182  0.280182  0.277156  0.276443  0.275224
60  0.262590  0.262590  0.263142  0.264604  0.264421
75  0.251719  0.251719  0.250432  0.253241  0.249839
90  0.237951  0.237951  0.239178  0.241818  0.238785

Leaf counts
    hist_dw  hist_lg  hist_GPU  GPU  LGB
0       985      985       984  986  987
15      985      985       983  992  947
30      858      858       823  914  828
45      545      545       916  463  822
60      428      428       621  399  389
75      841      841       626  378  932
90      819      819       918  654  687

Feature importance(gain) sorted by hist_dw
      hist_dw   hist_lg  hist_GPU       GPU       LGB
f3   0.148919  0.148919  0.116562  0.141096  0.103116
f29  0.099831  0.099831  0.088377  0.098461  0.091343
f16  0.096085  0.096085  0.066897  0.100373  0.080887
f24  0.069015  0.069015  0.062874  0.068807  0.123519
f8   0.061136  0.061136  0.063494  0.059575  0.090344


{'n_train': 2000000, 'max_depth': 15}
training XGBoost
hist_dw: 135.19265794754028 seconds
hist_lg: 133.28060388565063 seconds
hist_GPU: 32.100231885910034 seconds
GPU: 682.2517404556274 seconds
training LightGBM
LightGBM: 97.11693167686462 seconds

binary_logloss train
     hist_dw   hist_lg  hist_GPU       GPU       LGB
0   0.630933  0.630933  0.630956  0.630768  0.630806
15  0.262745  0.262745  0.263919  0.261406  0.264494
30  0.178629  0.178629  0.177143  0.177540  0.179601
45  0.149653  0.149653  0.149247  0.151335  0.151864
60  0.137552  0.137552  0.136084  0.139740  0.134373
75  0.123648  0.123648  0.124232  0.129299  0.119536
90  0.116654  0.116654  0.116204  0.122277  0.112278

binary_logloss valid
     hist_dw   hist_lg  hist_GPU       GPU       LGB
0   0.633762  0.633762  0.633773  0.633824  0.633580
15  0.291556  0.291556  0.292376  0.291654  0.292058
30  0.220845  0.220845  0.219867  0.221436  0.221003
45  0.200232  0.200232  0.200277  0.202997  0.201452
60  0.192587  0.192587  0.191768  0.195090  0.190524
75  0.185850  0.185850  0.186170  0.189405  0.183223
90  0.183244  0.183244  0.183639  0.186554  0.180931

Leaf counts
    hist_dw  hist_lg  hist_GPU    GPU    LGB
0     12370    12370     12223  12306  12432
15    11097    11097     10620  12144  10656
30     6847     6847     10459   7569   7177
45     5307     5307      4847   5922   6052
60     2695     2695      3702   1542   9065
75     3224     3224      6076   6643   2347
90      981      981      5184   2961   1130

Feature importance(gain) sorted by hist_dw
      hist_dw   hist_lg  hist_GPU       GPU       LGB
f3   0.119025  0.119025  0.081967  0.116539  0.093460
f29  0.085851  0.085851  0.070866  0.086052  0.083086
f16  0.084129  0.084129  0.058540  0.085999  0.074055
f24  0.072988  0.072988  0.060604  0.072985  0.117392
f8   0.060173  0.060173  0.059818  0.060759  0.087415


{'n_train': 4000000, 'max_depth': 5}
training XGBoost
hist_dw: 36.89035749435425 seconds
hist_lg: 37.22203183174133 seconds
hist_GPU: 16.051453828811646 seconds
GPU: 501.77852153778076 seconds
training LightGBM
LightGBM: 27.411931037902832 seconds

binary_logloss train
     hist_dw   hist_lg  hist_GPU       GPU       LGB
0   0.675010  0.675010  0.675009  0.674955  0.674973
15  0.557561  0.557561  0.557956  0.557237  0.557648
30  0.508407  0.508407  0.510287  0.509810  0.508735
45  0.483134  0.483134  0.483426  0.484515  0.481429
60  0.464956  0.464956  0.463415  0.462482  0.463877
75  0.451410  0.451410  0.448323  0.447147  0.445011
90  0.437622  0.437622  0.437365  0.436554  0.433957

binary_logloss valid
     hist_dw   hist_lg  hist_GPU       GPU       LGB
0   0.675040  0.675040  0.675039  0.675006  0.675009
15  0.557947  0.557947  0.558387  0.557749  0.558119
30  0.508936  0.508936  0.510867  0.510504  0.509291
45  0.483674  0.483674  0.484068  0.485300  0.482059
60  0.465587  0.465587  0.464193  0.463384  0.464575
75  0.452192  0.452192  0.449150  0.448164  0.445838
90  0.438441  0.438441  0.438258  0.437669  0.434874

Leaf counts
    hist_dw  hist_lg  hist_GPU  GPU  LGB
0        32       32        32   32   32
15       32       32        32   32   32
30       32       32        32   32   32
45       32       32        32   32   32
60       32       32        32   32   32
75       32       32        32   32   32
90       32       32        32   32   32

Feature importance(gain) sorted by hist_dw
      hist_dw   hist_lg  hist_GPU       GPU       LGB
f3   0.177955  0.177955  0.059568  0.165442  0.148472
f18  0.078052  0.078052  0.060939  0.076993  0.131138
f16  0.072201  0.072201  0.148723  0.076852  0.040039
f8   0.066424  0.066424  0.047495  0.064542  0.047130
f2   0.063742  0.063742  0.081932  0.062748  0.093819


{'n_train': 4000000, 'max_depth': 10}
training XGBoost
hist_dw: 73.79462218284607 seconds
hist_lg: 71.01382756233215 seconds
hist_GPU: 22.435300588607788 seconds
GPU: 1112.9129483699799 seconds
training LightGBM
LightGBM: 63.54194664955139 seconds

binary_logloss train
     hist_dw   hist_lg  hist_GPU       GPU       LGB
0   0.655992  0.655992  0.655992  0.655775  0.655798
15  0.412044  0.412044  0.412403  0.413851  0.412800
30  0.331757  0.331757  0.335761  0.332840  0.335209
45  0.297705  0.297705  0.297222  0.297015  0.297703
60  0.279982  0.279982  0.278696  0.275720  0.278022
75  0.264603  0.264603  0.263352  0.260930  0.261331
90  0.250764  0.250764  0.249034  0.252199  0.247290

binary_logloss valid
     hist_dw   hist_lg  hist_GPU       GPU       LGB
0   0.656284  0.656284  0.656277  0.656115  0.656081
15  0.414810  0.414810  0.415195  0.417023  0.415516
30  0.336024  0.336024  0.339946  0.337604  0.339285
45  0.303196  0.303196  0.302594  0.303002  0.302864
60  0.286224  0.286224  0.284965  0.282698  0.284086
75  0.271737  0.271737  0.270518  0.268838  0.268278
90  0.258825  0.258825  0.257180  0.260866  0.255260

Leaf counts
    hist_dw  hist_lg  hist_GPU  GPU  LGB
0       990      990       987  978  992
15      984      984       969  968  998
30     1007     1007       800  907  890
45      682      682       641  607  710
60      560      560       780  914  968
75      663      663       820  689  597
90      641      641       754  476  741

Feature importance(gain) sorted by hist_dw
      hist_dw   hist_lg  hist_GPU       GPU       LGB
f3   0.110554  0.110554  0.046365  0.114254  0.101012
f18  0.071775  0.071775  0.064405  0.069484  0.105636
f16  0.070907  0.070907  0.093386  0.069978  0.040670
f4   0.064658  0.064658  0.078095  0.065226  0.078247
f29  0.062676  0.062676  0.063782  0.060944  0.049222


{'n_train': 4000000, 'max_depth': 15}
training XGBoost
hist_dw: 209.329656124115 seconds
hist_lg: 207.93454790115356 seconds
hist_GPU: 50.28880429267883 seconds
GPU: 1800.9849917888641 seconds
training LightGBM
LightGBM: 161.36045336723328 seconds

binary_logloss train
     hist_dw   hist_lg  hist_GPU       GPU       LGB
0   0.637631  0.637631  0.637647  0.637204  0.637619
15  0.298969  0.298969  0.299153  0.298665  0.298050
30  0.215351  0.215351  0.216520  0.212650  0.215818
45  0.176739  0.176739  0.177269  0.173789  0.174345
60  0.155072  0.155072  0.159025  0.155468  0.155531
75  0.146067  0.146067  0.148029  0.144402  0.148698
90  0.133046  0.133046  0.136034  0.137648  0.133193

binary_logloss valid
     hist_dw   hist_lg  hist_GPU       GPU       LGB
0   0.639209  0.639209  0.639198  0.638965  0.639188
15  0.315218  0.315218  0.315544  0.316012  0.313836
30  0.239689  0.239689  0.240892  0.238618  0.239571
45  0.208076  0.208076  0.208723  0.206882  0.206169
60  0.192700  0.192700  0.195348  0.193696  0.192669
75  0.186607  0.186607  0.188378  0.186399  0.188153
90  0.179133  0.179133  0.181413  0.182349  0.178763

Leaf counts
    hist_dw  hist_lg  hist_GPU    GPU    LGB
0     13472    13472     13246  13696  13340
15    13580    13580     13195  13504  12114
30    12346    12346     10480   8299   9977
45     8947     8947      5190   6263  10843
60    13353    13353      4068   3674   3535
75     2988     2988      2688   3748   2925
90    10546    10546      5017   6655   6275

Feature importance(gain) sorted by hist_dw
      hist_dw   hist_lg  hist_GPU       GPU       LGB
f3   0.096593  0.096593  0.041029  0.097292  0.090318
f18  0.069771  0.069771  0.060432  0.069423  0.102949
f4   0.064412  0.064412  0.071366  0.065024  0.074553
f2   0.063062  0.063062  0.056629  0.062387  0.091837
f6   0.061740  0.061740  0.057743  0.062022  0.102666


                  Time(sec)                                       Ratio                           \
                    hist_dw hist_lg hist_GPU     GPU    LGB hist_dw/LGB hist_lg/LGB hist_GPU/LGB   
n_train max_depth                                                                                  
500000  5               5.4     5.2      2.3    32.7    3.2         1.7         1.6          0.7   
        10             15.9    15.9      3.4    65.0    8.2         1.9         1.9          0.4   
        15             52.6    52.0     18.6   103.4   30.6         1.7         1.7          0.6   
1000000 5              10.6    10.2      4.1    78.7    6.7         1.6         1.5          0.6   
        10             26.2    25.6      6.1   167.6   17.7         1.5         1.4          0.3   
        15             89.0    87.1     23.1   256.8   58.4         1.5         1.5          0.4   
2000000 5              19.3    19.9      8.1   201.2   13.5         1.4         1.5          0.6   
        10             42.0    41.6     11.8   446.2   34.0         1.2         1.2          0.3   
        15            135.2   133.3     32.1   682.3   97.1         1.4         1.4          0.3   
4000000 5              36.9    37.2     16.1   501.8   27.4         1.3         1.4          0.6   
        10             73.8    71.0     22.4  1112.9   63.5         1.2         1.1          0.4   
        15            209.3   207.9     50.3  1801.0  161.4         1.3         1.3          0.3   

                           
                  GPU/LGB  
n_train max_depth          
500000  5            10.3  
        10            7.9  
        15            3.4  
1000000 5            11.8  
        10            9.5  
        15            4.4  
2000000 5            14.9  
        10           13.1  
        15            7.0  
4000000 5            18.3  
        10           17.5  
        15           11.2  

Logloss
                   hist_dw  hist_lg  hist_GPU      GPU      LGB  hist_lg-LGB
n_train max_depth                                                           
500000  5          0.40130  0.40130   0.41027  0.41211  0.41021     -0.00891
        10         0.27221  0.27221   0.26919  0.27344  0.27293     -0.00072
        15         0.23004  0.23004   0.23097  0.23451  0.23118     -0.00115
1000000 5          0.38365  0.38365   0.38332  0.38572  0.38339      0.00026
        10         0.25140  0.25140   0.25133  0.25409  0.24857      0.00283
        15         0.20795  0.20795   0.20930  0.21071  0.20863     -0.00068
2000000 5          0.38377  0.38377   0.38352  0.38389  0.38525     -0.00149
        10         0.23234  0.23234   0.23245  0.23623  0.23336     -0.00103
        15         0.18010  0.18010   0.18206  0.18403  0.17999      0.00010
4000000 5          0.43190  0.43190   0.43215  0.43203  0.42857      0.00333
        10         0.25177  0.25177   0.25156  0.25572  0.24902      0.00274
        15         0.17420  0.17420   0.17662  0.17850  0.17744     -0.00324

Done: 7711.9 seconds
